{"/Users/przemyslaw/Desktop/repos/react-team-woo/src/App.js": {"path":"/Users/przemyslaw/Desktop/repos/react-team-woo/src/App.js","statementMap":{"0":{"start":{"line":11,"column":30},"end":{"line":16,"column":1}},"1":{"start":{"line":12,"column":2},"end":{"line":14,"column":3}},"2":{"start":{"line":13,"column":4},"end":{"line":13,"column":27}},"3":{"start":{"line":15,"column":2},"end":{"line":15,"column":26}},"4":{"start":{"line":17,"column":12},"end":{"line":34,"column":1}},"5":{"start":{"line":18,"column":2},"end":{"line":33,"column":5}}},"fnMap":{"0":{"name":"(anonymous_0)","decl":{"start":{"line":11,"column":30},"end":{"line":11,"column":31}},"loc":{"start":{"line":11,"column":36},"end":{"line":16,"column":1}},"line":11},"1":{"name":"(anonymous_1)","decl":{"start":{"line":17,"column":12},"end":{"line":17,"column":13}},"loc":{"start":{"line":18,"column":2},"end":{"line":33,"column":5}},"line":18}},"branchMap":{"0":{"loc":{"start":{"line":12,"column":2},"end":{"line":14,"column":3}},"type":"if","locations":[{"start":{"line":12,"column":2},"end":{"line":14,"column":3}},{"start":{"line":12,"column":2},"end":{"line":14,"column":3}}],"line":12}},"s":{"0":0,"1":0,"2":0,"3":0,"4":0,"5":0},"f":{"0":0,"1":0},"b":{"0":[0,0]},"hash":"c52b68e202787d8224f6a72f1884d3fe136d596d"}
,"/Users/przemyslaw/Desktop/repos/react-team-woo/src/configureStore.js": {"path":"/Users/przemyslaw/Desktop/repos/react-team-woo/src/configureStore.js","statementMap":{"0":{"start":{"line":11,"column":23},"end":{"line":11,"column":45}},"1":{"start":{"line":13,"column":22},"end":{"line":13,"column":39}},"2":{"start":{"line":14,"column":29},"end":{"line":14,"column":61}},"3":{"start":{"line":16,"column":20},"end":{"line":16,"column":40}},"4":{"start":{"line":17,"column":28},"end":{"line":17,"column":62}},"5":{"start":{"line":18,"column":25},"end":{"line":18,"column":36}},"6":{"start":{"line":20,"column":16},"end":{"line":25,"column":3}},"7":{"start":{"line":28,"column":2},"end":{"line":36,"column":12}},"8":{"start":{"line":29,"column":59},"end":{"line":29,"column":75}},"9":{"start":{"line":30,"column":4},"end":{"line":34,"column":7}},"10":{"start":{"line":39,"column":2},"end":{"line":39,"column":15}}},"fnMap":{"0":{"name":"configureStore","decl":{"start":{"line":12,"column":24},"end":{"line":12,"column":38}},"loc":{"start":{"line":12,"column":55},"end":{"line":40,"column":1}},"line":12},"1":{"name":"(anonymous_1)","decl":{"start":{"line":28,"column":27},"end":{"line":28,"column":28}},"loc":{"start":{"line":28,"column":33},"end":{"line":36,"column":3}},"line":28}},"branchMap":{},"s":{"0":0,"1":0,"2":0,"3":0,"4":0,"5":0,"6":0,"7":0,"8":0,"9":0,"10":0},"f":{"0":0,"1":0},"b":{},"hash":"38caffa1b32d1232e1aa5d1a8faac62286f908de"}
,"/Users/przemyslaw/Desktop/repos/react-team-woo/src/index.js": {"path":"/Users/przemyslaw/Desktop/repos/react-team-woo/src/index.js","statementMap":{"0":{"start":{"line":11,"column":14},"end":{"line":11,"column":30}},"1":{"start":{"line":13,"column":0},"end":{"line":22,"column":2}}},"fnMap":{},"branchMap":{},"s":{"0":0,"1":0},"f":{},"b":{},"hash":"d496625a43a1e4227ae66e5f1710be332d7522ba"}
,"/Users/przemyslaw/Desktop/repos/react-team-woo/src/localStorage.js": {"path":"/Users/przemyslaw/Desktop/repos/react-team-woo/src/localStorage.js","statementMap":{"0":{"start":{"line":1,"column":25},"end":{"line":12,"column":1}},"1":{"start":{"line":2,"column":2},"end":{"line":11,"column":3}},"2":{"start":{"line":3,"column":28},"end":{"line":3,"column":57}},"3":{"start":{"line":4,"column":4},"end":{"line":6,"column":5}},"4":{"start":{"line":5,"column":6},"end":{"line":5,"column":23}},"5":{"start":{"line":7,"column":4},"end":{"line":7,"column":39}},"6":{"start":{"line":9,"column":4},"end":{"line":9,"column":21}},"7":{"start":{"line":10,"column":4},"end":{"line":10,"column":21}},"8":{"start":{"line":14,"column":25},"end":{"line":21,"column":1}},"9":{"start":{"line":15,"column":2},"end":{"line":20,"column":3}},"10":{"start":{"line":16,"column":28},"end":{"line":16,"column":49}},"11":{"start":{"line":17,"column":4},"end":{"line":17,"column":51}},"12":{"start":{"line":19,"column":4},"end":{"line":19,"column":21}}},"fnMap":{"0":{"name":"(anonymous_0)","decl":{"start":{"line":1,"column":25},"end":{"line":1,"column":26}},"loc":{"start":{"line":1,"column":31},"end":{"line":12,"column":1}},"line":1},"1":{"name":"(anonymous_1)","decl":{"start":{"line":14,"column":25},"end":{"line":14,"column":26}},"loc":{"start":{"line":14,"column":34},"end":{"line":21,"column":1}},"line":14}},"branchMap":{"0":{"loc":{"start":{"line":4,"column":4},"end":{"line":6,"column":5}},"type":"if","locations":[{"start":{"line":4,"column":4},"end":{"line":6,"column":5}},{"start":{"line":4,"column":4},"end":{"line":6,"column":5}}],"line":4}},"s":{"0":0,"1":0,"2":0,"3":0,"4":0,"5":0,"6":0,"7":0,"8":0,"9":0,"10":0,"11":0,"12":0},"f":{"0":0,"1":0},"b":{"0":[0,0]},"hash":"261bc309c597665034764bf7ad13001d00a99257"}
,"/Users/przemyslaw/Desktop/repos/react-team-woo/src/actions/actionsAddTestimonial.js": {"path":"/Users/przemyslaw/Desktop/repos/react-team-woo/src/actions/actionsAddTestimonial.js","statementMap":{"0":{"start":{"line":9,"column":27},"end":{"line":9,"column":40}},"1":{"start":{"line":10,"column":37},"end":{"line":10,"column":60}},"2":{"start":{"line":11,"column":39},"end":{"line":11,"column":64}},"3":{"start":{"line":12,"column":41},"end":{"line":12,"column":68}},"4":{"start":{"line":13,"column":42},"end":{"line":13,"column":70}},"5":{"start":{"line":14,"column":44},"end":{"line":14,"column":74}},"6":{"start":{"line":15,"column":42},"end":{"line":15,"column":70}},"7":{"start":{"line":17,"column":34},"end":{"line":22,"column":2}},"8":{"start":{"line":17,"column":41},"end":{"line":22,"column":1}},"9":{"start":{"line":24,"column":32},"end":{"line":30,"column":2}},"10":{"start":{"line":24,"column":39},"end":{"line":30,"column":1}},"11":{"start":{"line":32,"column":29},"end":{"line":40,"column":2}},"12":{"start":{"line":32,"column":36},"end":{"line":40,"column":1}},"13":{"start":{"line":43,"column":36},"end":{"line":97,"column":1}},"14":{"start":{"line":43,"column":42},"end":{"line":97,"column":1}},"15":{"start":{"line":44,"column":14},"end":{"line":44,"column":37}},"16":{"start":{"line":45,"column":19},"end":{"line":45,"column":51}},"17":{"start":{"line":46,"column":2},"end":{"line":51,"column":5}},"18":{"start":{"line":52,"column":2},"end":{"line":70,"column":3}},"19":{"start":{"line":53,"column":16},"end":{"line":53,"column":46}},"20":{"start":{"line":54,"column":21},"end":{"line":54,"column":24}},"21":{"start":{"line":55,"column":28},"end":{"line":55,"column":69}},"22":{"start":{"line":55,"column":46},"end":{"line":55,"column":68}},"23":{"start":{"line":56,"column":25},"end":{"line":57,"column":33}},"24":{"start":{"line":58,"column":4},"end":{"line":67,"column":5}},"25":{"start":{"line":59,"column":6},"end":{"line":66,"column":9}},"26":{"start":{"line":69,"column":4},"end":{"line":69,"column":23}},"27":{"start":{"line":71,"column":26},"end":{"line":71,"column":58}},"28":{"start":{"line":72,"column":16},"end":{"line":72,"column":45}},"29":{"start":{"line":73,"column":2},"end":{"line":79,"column":5}},"30":{"start":{"line":81,"column":2},"end":{"line":87,"column":3}},"31":{"start":{"line":86,"column":4},"end":{"line":86,"column":42}},"32":{"start":{"line":89,"column":2},"end":{"line":95,"column":3}},"33":{"start":{"line":94,"column":4},"end":{"line":94,"column":40}},"34":{"start":{"line":96,"column":2},"end":{"line":96,"column":14}},"35":{"start":{"line":99,"column":39},"end":{"line":101,"column":1}},"36":{"start":{"line":99,"column":45},"end":{"line":101,"column":1}},"37":{"start":{"line":100,"column":2},"end":{"line":100,"column":35}},"38":{"start":{"line":103,"column":40},"end":{"line":112,"column":1}},"39":{"start":{"line":103,"column":46},"end":{"line":112,"column":1}},"40":{"start":{"line":104,"column":2},"end":{"line":111,"column":5}}},"fnMap":{"0":{"name":"(anonymous_0)","decl":{"start":{"line":17,"column":34},"end":{"line":17,"column":35}},"loc":{"start":{"line":17,"column":41},"end":{"line":22,"column":1}},"line":17},"1":{"name":"(anonymous_1)","decl":{"start":{"line":24,"column":32},"end":{"line":24,"column":33}},"loc":{"start":{"line":24,"column":39},"end":{"line":30,"column":1}},"line":24},"2":{"name":"(anonymous_2)","decl":{"start":{"line":32,"column":29},"end":{"line":32,"column":30}},"loc":{"start":{"line":32,"column":36},"end":{"line":40,"column":1}},"line":32},"3":{"name":"(anonymous_3)","decl":{"start":{"line":43,"column":36},"end":{"line":43,"column":37}},"loc":{"start":{"line":43,"column":42},"end":{"line":97,"column":1}},"line":43},"4":{"name":"(anonymous_4)","decl":{"start":{"line":43,"column":42},"end":{"line":43,"column":43}},"loc":{"start":{"line":43,"column":60},"end":{"line":97,"column":1}},"line":43},"5":{"name":"(anonymous_5)","decl":{"start":{"line":55,"column":38},"end":{"line":55,"column":39}},"loc":{"start":{"line":55,"column":46},"end":{"line":55,"column":68}},"line":55},"6":{"name":"(anonymous_6)","decl":{"start":{"line":99,"column":39},"end":{"line":99,"column":40}},"loc":{"start":{"line":99,"column":45},"end":{"line":101,"column":1}},"line":99},"7":{"name":"(anonymous_7)","decl":{"start":{"line":99,"column":45},"end":{"line":99,"column":46}},"loc":{"start":{"line":99,"column":57},"end":{"line":101,"column":1}},"line":99},"8":{"name":"(anonymous_8)","decl":{"start":{"line":103,"column":40},"end":{"line":103,"column":41}},"loc":{"start":{"line":103,"column":46},"end":{"line":112,"column":1}},"line":103},"9":{"name":"(anonymous_9)","decl":{"start":{"line":103,"column":46},"end":{"line":103,"column":47}},"loc":{"start":{"line":103,"column":58},"end":{"line":112,"column":1}},"line":103}},"branchMap":{"0":{"loc":{"start":{"line":56,"column":25},"end":{"line":57,"column":33}},"type":"binary-expr","locations":[{"start":{"line":56,"column":25},"end":{"line":56,"column":54}},{"start":{"line":56,"column":58},"end":{"line":56,"column":81}},{"start":{"line":57,"column":9},"end":{"line":57,"column":33}}],"line":56},"1":{"loc":{"start":{"line":58,"column":4},"end":{"line":67,"column":5}},"type":"if","locations":[{"start":{"line":58,"column":4},"end":{"line":67,"column":5}},{"start":{"line":58,"column":4},"end":{"line":67,"column":5}}],"line":58},"2":{"loc":{"start":{"line":81,"column":2},"end":{"line":87,"column":3}},"type":"if","locations":[{"start":{"line":81,"column":2},"end":{"line":87,"column":3}},{"start":{"line":81,"column":2},"end":{"line":87,"column":3}}],"line":81},"3":{"loc":{"start":{"line":82,"column":4},"end":{"line":84,"column":41}},"type":"binary-expr","locations":[{"start":{"line":82,"column":4},"end":{"line":82,"column":28}},{"start":{"line":83,"column":7},"end":{"line":83,"column":31}},{"start":{"line":84,"column":8},"end":{"line":84,"column":22}},{"start":{"line":84,"column":26},"end":{"line":84,"column":40}}],"line":82},"4":{"loc":{"start":{"line":89,"column":2},"end":{"line":95,"column":3}},"type":"if","locations":[{"start":{"line":89,"column":2},"end":{"line":95,"column":3}},{"start":{"line":89,"column":2},"end":{"line":95,"column":3}}],"line":89},"5":{"loc":{"start":{"line":90,"column":4},"end":{"line":92,"column":43}},"type":"binary-expr","locations":[{"start":{"line":90,"column":4},"end":{"line":90,"column":29}},{"start":{"line":91,"column":7},"end":{"line":91,"column":32}},{"start":{"line":92,"column":8},"end":{"line":92,"column":23}},{"start":{"line":92,"column":27},"end":{"line":92,"column":42}}],"line":90}},"s":{"0":1,"1":1,"2":1,"3":1,"4":1,"5":1,"6":1,"7":1,"8":0,"9":1,"10":0,"11":1,"12":0,"13":1,"14":0,"15":0,"16":0,"17":0,"18":0,"19":0,"20":0,"21":0,"22":0,"23":0,"24":0,"25":0,"26":0,"27":0,"28":0,"29":0,"30":0,"31":0,"32":0,"33":0,"34":0,"35":1,"36":0,"37":0,"38":1,"39":0,"40":0},"f":{"0":0,"1":0,"2":0,"3":0,"4":0,"5":0,"6":0,"7":0,"8":0,"9":0},"b":{"0":[0,0,0],"1":[0,0],"2":[0,0],"3":[0,0,0,0],"4":[0,0],"5":[0,0,0,0]},"_coverageSchema":"43e27e138ebf9cfc5966b082cf9a028302ed4184","hash":"eaf21197e5558f40f7676152162bee0b647cb626"}
,"/Users/przemyslaw/Desktop/repos/react-team-woo/src/actions/actionsLogin.js": {"path":"/Users/przemyslaw/Desktop/repos/react-team-woo/src/actions/actionsLogin.js","statementMap":{"0":{"start":{"line":4,"column":34},"end":{"line":4,"column":54}},"1":{"start":{"line":5,"column":28},"end":{"line":5,"column":42}},"2":{"start":{"line":6,"column":40},"end":{"line":6,"column":66}},"3":{"start":{"line":7,"column":35},"end":{"line":7,"column":56}},"4":{"start":{"line":8,"column":32},"end":{"line":8,"column":50}},"5":{"start":{"line":9,"column":27},"end":{"line":9,"column":40}},"6":{"start":{"line":10,"column":32},"end":{"line":10,"column":50}},"7":{"start":{"line":11,"column":33},"end":{"line":11,"column":52}},"8":{"start":{"line":13,"column":33},"end":{"line":13,"column":52}},"9":{"start":{"line":14,"column":32},"end":{"line":14,"column":50}},"10":{"start":{"line":15,"column":32},"end":{"line":15,"column":50}},"11":{"start":{"line":16,"column":31},"end":{"line":16,"column":48}},"12":{"start":{"line":17,"column":32},"end":{"line":17,"column":50}},"13":{"start":{"line":18,"column":17},"end":{"line":18,"column":30}},"14":{"start":{"line":20,"column":29},"end":{"line":31,"column":1}},"15":{"start":{"line":20,"column":35},"end":{"line":31,"column":1}},"16":{"start":{"line":21,"column":28},"end":{"line":21,"column":49}},"17":{"start":{"line":22,"column":2},"end":{"line":22,"column":43}},"18":{"start":{"line":24,"column":2},"end":{"line":30,"column":5}},"19":{"start":{"line":33,"column":30},"end":{"line":42,"column":1}},"20":{"start":{"line":33,"column":36},"end":{"line":42,"column":1}},"21":{"start":{"line":34,"column":2},"end":{"line":34,"column":48}},"22":{"start":{"line":35,"column":2},"end":{"line":41,"column":5}},"23":{"start":{"line":44,"column":32},"end":{"line":55,"column":1}},"24":{"start":{"line":44,"column":38},"end":{"line":55,"column":1}},"25":{"start":{"line":45,"column":23},"end":{"line":45,"column":44}},"26":{"start":{"line":46,"column":2},"end":{"line":46,"column":43}},"27":{"start":{"line":48,"column":2},"end":{"line":54,"column":5}},"28":{"start":{"line":57,"column":29},"end":{"line":66,"column":1}},"29":{"start":{"line":57,"column":35},"end":{"line":66,"column":1}},"30":{"start":{"line":58,"column":2},"end":{"line":58,"column":43}},"31":{"start":{"line":60,"column":2},"end":{"line":65,"column":5}},"32":{"start":{"line":68,"column":27},"end":{"line":76,"column":1}},"33":{"start":{"line":68,"column":44},"end":{"line":76,"column":1}},"34":{"start":{"line":69,"column":2},"end":{"line":75,"column":5}},"35":{"start":{"line":79,"column":26},"end":{"line":144,"column":1}},"36":{"start":{"line":79,"column":32},"end":{"line":144,"column":1}},"37":{"start":{"line":80,"column":24},"end":{"line":80,"column":39}},"38":{"start":{"line":84,"column":6},"end":{"line":84,"column":27}},"39":{"start":{"line":85,"column":2},"end":{"line":90,"column":5}},"40":{"start":{"line":92,"column":19},"end":{"line":95,"column":3}},"41":{"start":{"line":97,"column":2},"end":{"line":143,"column":7}},"42":{"start":{"line":99,"column":23},"end":{"line":99,"column":26}},"43":{"start":{"line":101,"column":6},"end":{"line":109,"column":7}},"44":{"start":{"line":102,"column":8},"end":{"line":108,"column":11}},"45":{"start":{"line":111,"column":6},"end":{"line":116,"column":9}},"46":{"start":{"line":118,"column":6},"end":{"line":118,"column":48}},"47":{"start":{"line":119,"column":6},"end":{"line":119,"column":59}},"48":{"start":{"line":120,"column":6},"end":{"line":130,"column":9}},"49":{"start":{"line":132,"column":6},"end":{"line":142,"column":7}},"50":{"start":{"line":133,"column":8},"end":{"line":141,"column":11}},"51":{"start":{"line":147,"column":26},"end":{"line":168,"column":1}},"52":{"start":{"line":147,"column":32},"end":{"line":168,"column":1}},"53":{"start":{"line":148,"column":2},"end":{"line":148,"column":43}},"54":{"start":{"line":150,"column":2},"end":{"line":150,"column":38}},"55":{"start":{"line":151,"column":2},"end":{"line":151,"column":35}},"56":{"start":{"line":153,"column":2},"end":{"line":164,"column":5}}},"fnMap":{"0":{"name":"(anonymous_0)","decl":{"start":{"line":20,"column":29},"end":{"line":20,"column":30}},"loc":{"start":{"line":20,"column":35},"end":{"line":31,"column":1}},"line":20},"1":{"name":"(anonymous_1)","decl":{"start":{"line":20,"column":35},"end":{"line":20,"column":36}},"loc":{"start":{"line":20,"column":59},"end":{"line":31,"column":1}},"line":20},"2":{"name":"(anonymous_2)","decl":{"start":{"line":33,"column":30},"end":{"line":33,"column":31}},"loc":{"start":{"line":33,"column":36},"end":{"line":42,"column":1}},"line":33},"3":{"name":"(anonymous_3)","decl":{"start":{"line":33,"column":36},"end":{"line":33,"column":37}},"loc":{"start":{"line":33,"column":48},"end":{"line":42,"column":1}},"line":33},"4":{"name":"(anonymous_4)","decl":{"start":{"line":44,"column":32},"end":{"line":44,"column":33}},"loc":{"start":{"line":44,"column":38},"end":{"line":55,"column":1}},"line":44},"5":{"name":"(anonymous_5)","decl":{"start":{"line":44,"column":38},"end":{"line":44,"column":39}},"loc":{"start":{"line":44,"column":62},"end":{"line":55,"column":1}},"line":44},"6":{"name":"(anonymous_6)","decl":{"start":{"line":57,"column":29},"end":{"line":57,"column":30}},"loc":{"start":{"line":57,"column":35},"end":{"line":66,"column":1}},"line":57},"7":{"name":"(anonymous_7)","decl":{"start":{"line":57,"column":35},"end":{"line":57,"column":36}},"loc":{"start":{"line":57,"column":47},"end":{"line":66,"column":1}},"line":57},"8":{"name":"(anonymous_8)","decl":{"start":{"line":68,"column":27},"end":{"line":68,"column":28}},"loc":{"start":{"line":68,"column":44},"end":{"line":76,"column":1}},"line":68},"9":{"name":"(anonymous_9)","decl":{"start":{"line":68,"column":44},"end":{"line":68,"column":45}},"loc":{"start":{"line":68,"column":56},"end":{"line":76,"column":1}},"line":68},"10":{"name":"(anonymous_10)","decl":{"start":{"line":79,"column":26},"end":{"line":79,"column":27}},"loc":{"start":{"line":79,"column":32},"end":{"line":144,"column":1}},"line":79},"11":{"name":"(anonymous_11)","decl":{"start":{"line":79,"column":32},"end":{"line":79,"column":33}},"loc":{"start":{"line":79,"column":56},"end":{"line":144,"column":1}},"line":79},"12":{"name":"(anonymous_12)","decl":{"start":{"line":98,"column":10},"end":{"line":98,"column":11}},"loc":{"start":{"line":98,"column":17},"end":{"line":131,"column":5}},"line":98},"13":{"name":"(anonymous_13)","decl":{"start":{"line":131,"column":13},"end":{"line":131,"column":14}},"loc":{"start":{"line":131,"column":20},"end":{"line":143,"column":5}},"line":131},"14":{"name":"(anonymous_14)","decl":{"start":{"line":147,"column":26},"end":{"line":147,"column":27}},"loc":{"start":{"line":147,"column":32},"end":{"line":168,"column":1}},"line":147},"15":{"name":"(anonymous_15)","decl":{"start":{"line":147,"column":32},"end":{"line":147,"column":33}},"loc":{"start":{"line":147,"column":56},"end":{"line":168,"column":1}},"line":147}},"branchMap":{"0":{"loc":{"start":{"line":101,"column":6},"end":{"line":109,"column":7}},"type":"if","locations":[{"start":{"line":101,"column":6},"end":{"line":109,"column":7}},{"start":{"line":101,"column":6},"end":{"line":109,"column":7}}],"line":101},"1":{"loc":{"start":{"line":132,"column":6},"end":{"line":142,"column":7}},"type":"if","locations":[{"start":{"line":132,"column":6},"end":{"line":142,"column":7}},{"start":{"line":132,"column":6},"end":{"line":142,"column":7}}],"line":132}},"s":{"0":0,"1":0,"2":0,"3":0,"4":0,"5":0,"6":0,"7":0,"8":0,"9":0,"10":0,"11":0,"12":0,"13":0,"14":0,"15":0,"16":0,"17":0,"18":0,"19":0,"20":0,"21":0,"22":0,"23":0,"24":0,"25":0,"26":0,"27":0,"28":0,"29":0,"30":0,"31":0,"32":0,"33":0,"34":0,"35":0,"36":0,"37":0,"38":0,"39":0,"40":0,"41":0,"42":0,"43":0,"44":0,"45":0,"46":0,"47":0,"48":0,"49":0,"50":0,"51":0,"52":0,"53":0,"54":0,"55":0,"56":0},"f":{"0":0,"1":0,"2":0,"3":0,"4":0,"5":0,"6":0,"7":0,"8":0,"9":0,"10":0,"11":0,"12":0,"13":0,"14":0,"15":0},"b":{"0":[0,0],"1":[0,0]},"hash":"825b2029cc9ccb45c4b4f50b024c8f78a89d2db1"}
,"/Users/przemyslaw/Desktop/repos/react-team-woo/src/actions/actionsNews.js": {"path":"/Users/przemyslaw/Desktop/repos/react-team-woo/src/actions/actionsNews.js","statementMap":{"0":{"start":{"line":1,"column":33},"end":{"line":1,"column":52}},"1":{"start":{"line":2,"column":34},"end":{"line":2,"column":54}},"2":{"start":{"line":3,"column":33},"end":{"line":3,"column":52}},"3":{"start":{"line":6,"column":18},"end":{"line":11,"column":2}},"4":{"start":{"line":6,"column":27},"end":{"line":11,"column":1}},"5":{"start":{"line":13,"column":30},"end":{"line":20,"column":1}},"6":{"start":{"line":13,"column":36},"end":{"line":20,"column":1}},"7":{"start":{"line":14,"column":2},"end":{"line":19,"column":3}},"8":{"start":{"line":15,"column":25},"end":{"line":15,"column":45}},"9":{"start":{"line":16,"column":4},"end":{"line":16,"column":45}},"10":{"start":{"line":18,"column":4},"end":{"line":18,"column":23}},"11":{"start":{"line":22,"column":31},"end":{"line":29,"column":1}},"12":{"start":{"line":22,"column":37},"end":{"line":29,"column":1}},"13":{"start":{"line":23,"column":2},"end":{"line":28,"column":5}},"14":{"start":{"line":31,"column":32},"end":{"line":38,"column":1}},"15":{"start":{"line":31,"column":38},"end":{"line":38,"column":1}},"16":{"start":{"line":32,"column":2},"end":{"line":37,"column":5}}},"fnMap":{"0":{"name":"(anonymous_0)","decl":{"start":{"line":6,"column":18},"end":{"line":6,"column":19}},"loc":{"start":{"line":6,"column":27},"end":{"line":11,"column":1}},"line":6},"1":{"name":"(anonymous_1)","decl":{"start":{"line":13,"column":30},"end":{"line":13,"column":31}},"loc":{"start":{"line":13,"column":36},"end":{"line":20,"column":1}},"line":13},"2":{"name":"(anonymous_2)","decl":{"start":{"line":13,"column":36},"end":{"line":13,"column":37}},"loc":{"start":{"line":13,"column":54},"end":{"line":20,"column":1}},"line":13},"3":{"name":"(anonymous_3)","decl":{"start":{"line":22,"column":31},"end":{"line":22,"column":32}},"loc":{"start":{"line":22,"column":37},"end":{"line":29,"column":1}},"line":22},"4":{"name":"(anonymous_4)","decl":{"start":{"line":22,"column":37},"end":{"line":22,"column":38}},"loc":{"start":{"line":22,"column":49},"end":{"line":29,"column":1}},"line":22},"5":{"name":"(anonymous_5)","decl":{"start":{"line":31,"column":32},"end":{"line":31,"column":33}},"loc":{"start":{"line":31,"column":38},"end":{"line":38,"column":1}},"line":31},"6":{"name":"(anonymous_6)","decl":{"start":{"line":31,"column":38},"end":{"line":31,"column":39}},"loc":{"start":{"line":31,"column":50},"end":{"line":38,"column":1}},"line":31}},"branchMap":{},"s":{"0":1,"1":1,"2":1,"3":1,"4":0,"5":1,"6":3,"7":0,"8":0,"9":0,"10":0,"11":1,"12":0,"13":0,"14":1,"15":0,"16":0},"f":{"0":0,"1":3,"2":0,"3":0,"4":0,"5":0,"6":0},"b":{},"_coverageSchema":"43e27e138ebf9cfc5966b082cf9a028302ed4184","hash":"ee0a17d509ddb8c8e2120ed56f5ad99d1426c70a"}
,"/Users/przemyslaw/Desktop/repos/react-team-woo/src/actions/actionsPopUpInfo.js": {"path":"/Users/przemyslaw/Desktop/repos/react-team-woo/src/actions/actionsPopUpInfo.js","statementMap":{"0":{"start":{"line":1,"column":26},"end":{"line":1,"column":38}},"1":{"start":{"line":2,"column":25},"end":{"line":2,"column":36}},"2":{"start":{"line":3,"column":17},"end":{"line":3,"column":30}},"3":{"start":{"line":5,"column":25},"end":{"line":10,"column":1}},"4":{"start":{"line":5,"column":45},"end":{"line":10,"column":1}},"5":{"start":{"line":6,"column":2},"end":{"line":9,"column":5}},"6":{"start":{"line":12,"column":26},"end":{"line":20,"column":1}},"7":{"start":{"line":12,"column":32},"end":{"line":20,"column":1}},"8":{"start":{"line":13,"column":2},"end":{"line":13,"column":43}},"9":{"start":{"line":14,"column":2},"end":{"line":16,"column":5}},"10":{"start":{"line":17,"column":2},"end":{"line":19,"column":5}}},"fnMap":{"0":{"name":"(anonymous_0)","decl":{"start":{"line":5,"column":25},"end":{"line":5,"column":26}},"loc":{"start":{"line":5,"column":45},"end":{"line":10,"column":1}},"line":5},"1":{"name":"(anonymous_1)","decl":{"start":{"line":5,"column":45},"end":{"line":5,"column":46}},"loc":{"start":{"line":5,"column":57},"end":{"line":10,"column":1}},"line":5},"2":{"name":"(anonymous_2)","decl":{"start":{"line":12,"column":26},"end":{"line":12,"column":27}},"loc":{"start":{"line":12,"column":32},"end":{"line":20,"column":1}},"line":12},"3":{"name":"(anonymous_3)","decl":{"start":{"line":12,"column":32},"end":{"line":12,"column":33}},"loc":{"start":{"line":12,"column":44},"end":{"line":20,"column":1}},"line":12}},"branchMap":{},"s":{"0":1,"1":1,"2":1,"3":1,"4":0,"5":0,"6":1,"7":0,"8":0,"9":0,"10":0},"f":{"0":0,"1":0,"2":0,"3":0},"b":{},"_coverageSchema":"43e27e138ebf9cfc5966b082cf9a028302ed4184","hash":"805bfcd199199544f366765bd8575f633b796bc0"}
,"/Users/przemyslaw/Desktop/repos/react-team-woo/src/actions/actionsPurchasedProducts.js": {"path":"/Users/przemyslaw/Desktop/repos/react-team-woo/src/actions/actionsPurchasedProducts.js","statementMap":{"0":{"start":{"line":7,"column":36},"end":{"line":7,"column":58}},"1":{"start":{"line":8,"column":35},"end":{"line":8,"column":56}},"2":{"start":{"line":9,"column":49},"end":{"line":9,"column":78}},"3":{"start":{"line":10,"column":42},"end":{"line":10,"column":70}},"4":{"start":{"line":11,"column":42},"end":{"line":11,"column":70}},"5":{"start":{"line":12,"column":36},"end":{"line":12,"column":58}},"6":{"start":{"line":13,"column":26},"end":{"line":13,"column":38}},"7":{"start":{"line":14,"column":31},"end":{"line":14,"column":48}},"8":{"start":{"line":15,"column":31},"end":{"line":15,"column":48}},"9":{"start":{"line":16,"column":31},"end":{"line":16,"column":48}},"10":{"start":{"line":17,"column":36},"end":{"line":17,"column":58}},"11":{"start":{"line":18,"column":36},"end":{"line":18,"column":58}},"12":{"start":{"line":19,"column":40},"end":{"line":19,"column":66}},"13":{"start":{"line":20,"column":45},"end":{"line":20,"column":76}},"14":{"start":{"line":22,"column":20},"end":{"line":28,"column":2}},"15":{"start":{"line":30,"column":34},"end":{"line":46,"column":1}},"16":{"start":{"line":30,"column":40},"end":{"line":46,"column":1}},"17":{"start":{"line":31,"column":2},"end":{"line":44,"column":3}},"18":{"start":{"line":32,"column":23},"end":{"line":32,"column":43}},"19":{"start":{"line":33,"column":19},"end":{"line":33,"column":55}},"20":{"start":{"line":34,"column":28},"end":{"line":34,"column":94}},"21":{"start":{"line":36,"column":4},"end":{"line":41,"column":7}},"22":{"start":{"line":43,"column":4},"end":{"line":43,"column":23}},"23":{"start":{"line":45,"column":2},"end":{"line":45,"column":14}},"24":{"start":{"line":48,"column":25},"end":{"line":88,"column":1}},"25":{"start":{"line":48,"column":38},"end":{"line":88,"column":1}},"26":{"start":{"line":49,"column":49},"end":{"line":49,"column":69}},"27":{"start":{"line":51,"column":29},"end":{"line":53,"column":3}},"28":{"start":{"line":52,"column":15},"end":{"line":52,"column":36}},"29":{"start":{"line":54,"column":32},"end":{"line":54,"column":55}},"30":{"start":{"line":56,"column":2},"end":{"line":62,"column":5}},"31":{"start":{"line":64,"column":2},"end":{"line":75,"column":3}},"32":{"start":{"line":65,"column":19},"end":{"line":65,"column":28}},"33":{"start":{"line":66,"column":4},"end":{"line":66,"column":75}},"34":{"start":{"line":67,"column":25},"end":{"line":67,"column":77}},"35":{"start":{"line":67,"column":62},"end":{"line":67,"column":76}},"36":{"start":{"line":68,"column":4},"end":{"line":74,"column":7}},"37":{"start":{"line":79,"column":34},"end":{"line":79,"column":70}},"38":{"start":{"line":80,"column":22},"end":{"line":80,"column":71}},"39":{"start":{"line":81,"column":2},"end":{"line":87,"column":5}},"40":{"start":{"line":90,"column":30},"end":{"line":110,"column":1}},"41":{"start":{"line":90,"column":43},"end":{"line":110,"column":1}},"42":{"start":{"line":91,"column":49},"end":{"line":91,"column":69}},"43":{"start":{"line":92,"column":27},"end":{"line":94,"column":3}},"44":{"start":{"line":93,"column":12},"end":{"line":93,"column":33}},"45":{"start":{"line":95,"column":17},"end":{"line":95,"column":33}},"46":{"start":{"line":96,"column":37},"end":{"line":98,"column":3}},"47":{"start":{"line":97,"column":12},"end":{"line":97,"column":26}},"48":{"start":{"line":99,"column":35},"end":{"line":101,"column":3}},"49":{"start":{"line":100,"column":12},"end":{"line":100,"column":30}},"50":{"start":{"line":102,"column":2},"end":{"line":109,"column":5}},"51":{"start":{"line":112,"column":32},"end":{"line":144,"column":1}},"52":{"start":{"line":112,"column":53},"end":{"line":144,"column":1}},"53":{"start":{"line":113,"column":32},"end":{"line":113,"column":52}},"54":{"start":{"line":114,"column":23},"end":{"line":116,"column":3}},"55":{"start":{"line":115,"column":15},"end":{"line":115,"column":32}},"56":{"start":{"line":118,"column":30},"end":{"line":122,"column":4}},"57":{"start":{"line":119,"column":4},"end":{"line":119,"column":49}},"58":{"start":{"line":121,"column":4},"end":{"line":121,"column":19}},"59":{"start":{"line":124,"column":2},"end":{"line":124,"column":34}},"60":{"start":{"line":126,"column":23},"end":{"line":133,"column":3}},"61":{"start":{"line":134,"column":2},"end":{"line":134,"column":62}},"62":{"start":{"line":136,"column":2},"end":{"line":143,"column":5}},"63":{"start":{"line":146,"column":33},"end":{"line":164,"column":1}},"64":{"start":{"line":146,"column":39},"end":{"line":164,"column":1}},"65":{"start":{"line":147,"column":32},"end":{"line":147,"column":52}},"66":{"start":{"line":148,"column":23},"end":{"line":150,"column":3}},"67":{"start":{"line":149,"column":15},"end":{"line":149,"column":32}},"68":{"start":{"line":151,"column":23},"end":{"line":151,"column":69}},"69":{"start":{"line":152,"column":23},"end":{"line":152,"column":63}},"70":{"start":{"line":153,"column":23},"end":{"line":157,"column":3}},"71":{"start":{"line":158,"column":2},"end":{"line":163,"column":5}},"72":{"start":{"line":166,"column":33},"end":{"line":188,"column":1}},"73":{"start":{"line":166,"column":39},"end":{"line":188,"column":1}},"74":{"start":{"line":167,"column":32},"end":{"line":167,"column":52}},"75":{"start":{"line":168,"column":23},"end":{"line":170,"column":3}},"76":{"start":{"line":169,"column":15},"end":{"line":169,"column":32}},"77":{"start":{"line":171,"column":23},"end":{"line":178,"column":3}},"78":{"start":{"line":179,"column":23},"end":{"line":179,"column":69}},"79":{"start":{"line":180,"column":2},"end":{"line":187,"column":3}},"80":{"start":{"line":181,"column":4},"end":{"line":186,"column":7}},"81":{"start":{"line":190,"column":36},"end":{"line":198,"column":1}},"82":{"start":{"line":190,"column":42},"end":{"line":198,"column":1}},"83":{"start":{"line":191,"column":23},"end":{"line":191,"column":43}},"84":{"start":{"line":192,"column":2},"end":{"line":197,"column":5}},"85":{"start":{"line":200,"column":36},"end":{"line":207,"column":1}},"86":{"start":{"line":200,"column":42},"end":{"line":207,"column":1}},"87":{"start":{"line":201,"column":2},"end":{"line":206,"column":5}},"88":{"start":{"line":209,"column":39},"end":{"line":217,"column":1}},"89":{"start":{"line":209,"column":56},"end":{"line":217,"column":1}},"90":{"start":{"line":210,"column":2},"end":{"line":216,"column":5}},"91":{"start":{"line":219,"column":43},"end":{"line":227,"column":1}},"92":{"start":{"line":219,"column":60},"end":{"line":227,"column":1}},"93":{"start":{"line":220,"column":2},"end":{"line":226,"column":5}},"94":{"start":{"line":229,"column":25},"end":{"line":280,"column":1}},"95":{"start":{"line":238,"column":5},"end":{"line":280,"column":1}},"96":{"start":{"line":239,"column":32},"end":{"line":239,"column":52}},"97":{"start":{"line":240,"column":21},"end":{"line":247,"column":4}},"98":{"start":{"line":241,"column":35},"end":{"line":241,"column":39}},"99":{"start":{"line":242,"column":26},"end":{"line":242,"column":70}},"100":{"start":{"line":243,"column":4},"end":{"line":246,"column":6}},"101":{"start":{"line":248,"column":20},"end":{"line":261,"column":3}},"102":{"start":{"line":262,"column":2},"end":{"line":264,"column":5}},"103":{"start":{"line":265,"column":2},"end":{"line":279,"column":7}},"104":{"start":{"line":267,"column":6},"end":{"line":269,"column":9}},"105":{"start":{"line":271,"column":6},"end":{"line":275,"column":15}},"106":{"start":{"line":272,"column":8},"end":{"line":274,"column":11}},"107":{"start":{"line":278,"column":6},"end":{"line":278,"column":23}}},"fnMap":{"0":{"name":"(anonymous_0)","decl":{"start":{"line":30,"column":34},"end":{"line":30,"column":35}},"loc":{"start":{"line":30,"column":40},"end":{"line":46,"column":1}},"line":30},"1":{"name":"(anonymous_1)","decl":{"start":{"line":30,"column":40},"end":{"line":30,"column":41}},"loc":{"start":{"line":30,"column":58},"end":{"line":46,"column":1}},"line":30},"2":{"name":"(anonymous_2)","decl":{"start":{"line":48,"column":25},"end":{"line":48,"column":26}},"loc":{"start":{"line":48,"column":38},"end":{"line":88,"column":1}},"line":48},"3":{"name":"(anonymous_3)","decl":{"start":{"line":48,"column":38},"end":{"line":48,"column":39}},"loc":{"start":{"line":48,"column":62},"end":{"line":88,"column":1}},"line":48},"4":{"name":"(anonymous_4)","decl":{"start":{"line":52,"column":4},"end":{"line":52,"column":5}},"loc":{"start":{"line":52,"column":15},"end":{"line":52,"column":36}},"line":52},"5":{"name":"(anonymous_5)","decl":{"start":{"line":67,"column":54},"end":{"line":67,"column":55}},"loc":{"start":{"line":67,"column":62},"end":{"line":67,"column":76}},"line":67},"6":{"name":"(anonymous_6)","decl":{"start":{"line":90,"column":30},"end":{"line":90,"column":31}},"loc":{"start":{"line":90,"column":43},"end":{"line":110,"column":1}},"line":90},"7":{"name":"(anonymous_7)","decl":{"start":{"line":90,"column":43},"end":{"line":90,"column":44}},"loc":{"start":{"line":90,"column":67},"end":{"line":110,"column":1}},"line":90},"8":{"name":"(anonymous_8)","decl":{"start":{"line":93,"column":4},"end":{"line":93,"column":5}},"loc":{"start":{"line":93,"column":12},"end":{"line":93,"column":33}},"line":93},"9":{"name":"(anonymous_9)","decl":{"start":{"line":97,"column":4},"end":{"line":97,"column":5}},"loc":{"start":{"line":97,"column":12},"end":{"line":97,"column":26}},"line":97},"10":{"name":"(anonymous_10)","decl":{"start":{"line":100,"column":4},"end":{"line":100,"column":5}},"loc":{"start":{"line":100,"column":12},"end":{"line":100,"column":30}},"line":100},"11":{"name":"(anonymous_11)","decl":{"start":{"line":112,"column":32},"end":{"line":112,"column":33}},"loc":{"start":{"line":112,"column":53},"end":{"line":144,"column":1}},"line":112},"12":{"name":"(anonymous_12)","decl":{"start":{"line":112,"column":53},"end":{"line":112,"column":54}},"loc":{"start":{"line":112,"column":77},"end":{"line":144,"column":1}},"line":112},"13":{"name":"(anonymous_13)","decl":{"start":{"line":115,"column":4},"end":{"line":115,"column":5}},"loc":{"start":{"line":115,"column":15},"end":{"line":115,"column":32}},"line":115},"14":{"name":"(anonymous_14)","decl":{"start":{"line":118,"column":52},"end":{"line":118,"column":53}},"loc":{"start":{"line":118,"column":63},"end":{"line":122,"column":3}},"line":118},"15":{"name":"(anonymous_15)","decl":{"start":{"line":146,"column":33},"end":{"line":146,"column":34}},"loc":{"start":{"line":146,"column":39},"end":{"line":164,"column":1}},"line":146},"16":{"name":"(anonymous_16)","decl":{"start":{"line":146,"column":39},"end":{"line":146,"column":40}},"loc":{"start":{"line":146,"column":63},"end":{"line":164,"column":1}},"line":146},"17":{"name":"(anonymous_17)","decl":{"start":{"line":149,"column":4},"end":{"line":149,"column":5}},"loc":{"start":{"line":149,"column":15},"end":{"line":149,"column":32}},"line":149},"18":{"name":"(anonymous_18)","decl":{"start":{"line":166,"column":33},"end":{"line":166,"column":34}},"loc":{"start":{"line":166,"column":39},"end":{"line":188,"column":1}},"line":166},"19":{"name":"(anonymous_19)","decl":{"start":{"line":166,"column":39},"end":{"line":166,"column":40}},"loc":{"start":{"line":166,"column":63},"end":{"line":188,"column":1}},"line":166},"20":{"name":"(anonymous_20)","decl":{"start":{"line":169,"column":4},"end":{"line":169,"column":5}},"loc":{"start":{"line":169,"column":15},"end":{"line":169,"column":32}},"line":169},"21":{"name":"(anonymous_21)","decl":{"start":{"line":190,"column":36},"end":{"line":190,"column":37}},"loc":{"start":{"line":190,"column":42},"end":{"line":198,"column":1}},"line":190},"22":{"name":"(anonymous_22)","decl":{"start":{"line":190,"column":42},"end":{"line":190,"column":43}},"loc":{"start":{"line":190,"column":66},"end":{"line":198,"column":1}},"line":190},"23":{"name":"(anonymous_23)","decl":{"start":{"line":200,"column":36},"end":{"line":200,"column":37}},"loc":{"start":{"line":200,"column":42},"end":{"line":207,"column":1}},"line":200},"24":{"name":"(anonymous_24)","decl":{"start":{"line":200,"column":42},"end":{"line":200,"column":43}},"loc":{"start":{"line":200,"column":54},"end":{"line":207,"column":1}},"line":200},"25":{"name":"(anonymous_25)","decl":{"start":{"line":209,"column":39},"end":{"line":209,"column":40}},"loc":{"start":{"line":209,"column":56},"end":{"line":217,"column":1}},"line":209},"26":{"name":"(anonymous_26)","decl":{"start":{"line":209,"column":56},"end":{"line":209,"column":57}},"loc":{"start":{"line":209,"column":68},"end":{"line":217,"column":1}},"line":209},"27":{"name":"(anonymous_27)","decl":{"start":{"line":219,"column":43},"end":{"line":219,"column":44}},"loc":{"start":{"line":219,"column":60},"end":{"line":227,"column":1}},"line":219},"28":{"name":"(anonymous_28)","decl":{"start":{"line":219,"column":60},"end":{"line":219,"column":61}},"loc":{"start":{"line":219,"column":72},"end":{"line":227,"column":1}},"line":219},"29":{"name":"(anonymous_29)","decl":{"start":{"line":229,"column":25},"end":{"line":229,"column":26}},"loc":{"start":{"line":238,"column":5},"end":{"line":280,"column":1}},"line":238},"30":{"name":"(anonymous_30)","decl":{"start":{"line":238,"column":5},"end":{"line":238,"column":6}},"loc":{"start":{"line":238,"column":29},"end":{"line":280,"column":1}},"line":238},"31":{"name":"(anonymous_31)","decl":{"start":{"line":240,"column":43},"end":{"line":240,"column":44}},"loc":{"start":{"line":240,"column":51},"end":{"line":247,"column":3}},"line":240},"32":{"name":"(anonymous_32)","decl":{"start":{"line":266,"column":10},"end":{"line":266,"column":11}},"loc":{"start":{"line":266,"column":16},"end":{"line":270,"column":5}},"line":266},"33":{"name":"(anonymous_33)","decl":{"start":{"line":270,"column":12},"end":{"line":270,"column":13}},"loc":{"start":{"line":270,"column":18},"end":{"line":276,"column":5}},"line":270},"34":{"name":"(anonymous_34)","decl":{"start":{"line":271,"column":17},"end":{"line":271,"column":18}},"loc":{"start":{"line":271,"column":23},"end":{"line":275,"column":7}},"line":271},"35":{"name":"(anonymous_35)","decl":{"start":{"line":277,"column":11},"end":{"line":277,"column":12}},"loc":{"start":{"line":277,"column":18},"end":{"line":279,"column":5}},"line":277}},"branchMap":{"0":{"loc":{"start":{"line":34,"column":28},"end":{"line":34,"column":94}},"type":"cond-expr","locations":[{"start":{"line":34,"column":83},"end":{"line":34,"column":89}},{"start":{"line":34,"column":92},"end":{"line":34,"column":94}}],"line":34},"1":{"loc":{"start":{"line":34,"column":28},"end":{"line":34,"column":80}},"type":"binary-expr","locations":[{"start":{"line":34,"column":28},"end":{"line":34,"column":34}},{"start":{"line":34,"column":38},"end":{"line":34,"column":55}},{"start":{"line":34,"column":59},"end":{"line":34,"column":80}}],"line":34},"2":{"loc":{"start":{"line":64,"column":2},"end":{"line":75,"column":3}},"type":"if","locations":[{"start":{"line":64,"column":2},"end":{"line":75,"column":3}},{"start":{"line":64,"column":2},"end":{"line":75,"column":3}}],"line":64},"3":{"loc":{"start":{"line":152,"column":23},"end":{"line":152,"column":63}},"type":"cond-expr","locations":[{"start":{"line":152,"column":47},"end":{"line":152,"column":48}},{"start":{"line":152,"column":51},"end":{"line":152,"column":63}}],"line":152},"4":{"loc":{"start":{"line":180,"column":2},"end":{"line":187,"column":3}},"type":"if","locations":[{"start":{"line":180,"column":2},"end":{"line":187,"column":3}},{"start":{"line":180,"column":2},"end":{"line":187,"column":3}}],"line":180},"5":{"loc":{"start":{"line":242,"column":26},"end":{"line":242,"column":70}},"type":"cond-expr","locations":[{"start":{"line":242,"column":52},"end":{"line":242,"column":53}},{"start":{"line":242,"column":56},"end":{"line":242,"column":70}}],"line":242}},"s":{"0":0,"1":0,"2":0,"3":0,"4":0,"5":0,"6":0,"7":0,"8":0,"9":0,"10":0,"11":0,"12":0,"13":0,"14":0,"15":0,"16":0,"17":0,"18":0,"19":0,"20":0,"21":0,"22":0,"23":0,"24":0,"25":0,"26":0,"27":0,"28":0,"29":0,"30":0,"31":0,"32":0,"33":0,"34":0,"35":0,"36":0,"37":0,"38":0,"39":0,"40":0,"41":0,"42":0,"43":0,"44":0,"45":0,"46":0,"47":0,"48":0,"49":0,"50":0,"51":0,"52":0,"53":0,"54":0,"55":0,"56":0,"57":0,"58":0,"59":0,"60":0,"61":0,"62":0,"63":0,"64":0,"65":0,"66":0,"67":0,"68":0,"69":0,"70":0,"71":0,"72":0,"73":0,"74":0,"75":0,"76":0,"77":0,"78":0,"79":0,"80":0,"81":0,"82":0,"83":0,"84":0,"85":0,"86":0,"87":0,"88":0,"89":0,"90":0,"91":0,"92":0,"93":0,"94":0,"95":0,"96":0,"97":0,"98":0,"99":0,"100":0,"101":0,"102":0,"103":0,"104":0,"105":0,"106":0,"107":0},"f":{"0":0,"1":0,"2":0,"3":0,"4":0,"5":0,"6":0,"7":0,"8":0,"9":0,"10":0,"11":0,"12":0,"13":0,"14":0,"15":0,"16":0,"17":0,"18":0,"19":0,"20":0,"21":0,"22":0,"23":0,"24":0,"25":0,"26":0,"27":0,"28":0,"29":0,"30":0,"31":0,"32":0,"33":0,"34":0,"35":0},"b":{"0":[0,0],"1":[0,0,0],"2":[0,0],"3":[0,0],"4":[0,0],"5":[0,0]},"hash":"0bcd968193e6f71b2ed6505bbbf72cd49a118637"}
,"/Users/przemyslaw/Desktop/repos/react-team-woo/src/actions/actionsSelectedProducts.js": {"path":"/Users/przemyslaw/Desktop/repos/react-team-woo/src/actions/actionsSelectedProducts.js","statementMap":{"0":{"start":{"line":1,"column":41},"end":{"line":1,"column":68}},"1":{"start":{"line":2,"column":33},"end":{"line":2,"column":52}},"2":{"start":{"line":3,"column":31},"end":{"line":3,"column":48}},"3":{"start":{"line":4,"column":31},"end":{"line":4,"column":48}},"4":{"start":{"line":7,"column":31},"end":{"line":35,"column":1}},"5":{"start":{"line":7,"column":44},"end":{"line":35,"column":1}},"6":{"start":{"line":8,"column":35},"end":{"line":8,"column":67}},"7":{"start":{"line":9,"column":31},"end":{"line":9,"column":74}},"8":{"start":{"line":9,"column":55},"end":{"line":9,"column":73}},"9":{"start":{"line":11,"column":2},"end":{"line":16,"column":5}},"10":{"start":{"line":17,"column":2},"end":{"line":34,"column":3}},"11":{"start":{"line":18,"column":19},"end":{"line":18,"column":39}},"12":{"start":{"line":19,"column":36},"end":{"line":19,"column":77}},"13":{"start":{"line":19,"column":62},"end":{"line":19,"column":76}},"14":{"start":{"line":20,"column":4},"end":{"line":25,"column":7}},"15":{"start":{"line":27,"column":30},"end":{"line":27,"column":57}},"16":{"start":{"line":28,"column":4},"end":{"line":33,"column":7}},"17":{"start":{"line":37,"column":37},"end":{"line":51,"column":1}},"18":{"start":{"line":37,"column":50},"end":{"line":51,"column":1}},"19":{"start":{"line":38,"column":35},"end":{"line":38,"column":67}},"20":{"start":{"line":39,"column":26},"end":{"line":39,"column":72}},"21":{"start":{"line":39,"column":50},"end":{"line":39,"column":71}},"22":{"start":{"line":40,"column":17},"end":{"line":40,"column":32}},"23":{"start":{"line":41,"column":27},"end":{"line":41,"column":68}},"24":{"start":{"line":41,"column":53},"end":{"line":41,"column":67}},"25":{"start":{"line":42,"column":27},"end":{"line":42,"column":70}},"26":{"start":{"line":42,"column":51},"end":{"line":42,"column":69}},"27":{"start":{"line":44,"column":2},"end":{"line":50,"column":5}}},"fnMap":{"0":{"name":"(anonymous_0)","decl":{"start":{"line":7,"column":31},"end":{"line":7,"column":32}},"loc":{"start":{"line":7,"column":44},"end":{"line":35,"column":1}},"line":7},"1":{"name":"(anonymous_1)","decl":{"start":{"line":7,"column":44},"end":{"line":7,"column":45}},"loc":{"start":{"line":7,"column":68},"end":{"line":35,"column":1}},"line":7},"2":{"name":"(anonymous_2)","decl":{"start":{"line":9,"column":47},"end":{"line":9,"column":48}},"loc":{"start":{"line":9,"column":55},"end":{"line":9,"column":73}},"line":9},"3":{"name":"(anonymous_3)","decl":{"start":{"line":19,"column":54},"end":{"line":19,"column":55}},"loc":{"start":{"line":19,"column":62},"end":{"line":19,"column":76}},"line":19},"4":{"name":"(anonymous_4)","decl":{"start":{"line":37,"column":37},"end":{"line":37,"column":38}},"loc":{"start":{"line":37,"column":50},"end":{"line":51,"column":1}},"line":37},"5":{"name":"(anonymous_5)","decl":{"start":{"line":37,"column":50},"end":{"line":37,"column":51}},"loc":{"start":{"line":37,"column":74},"end":{"line":51,"column":1}},"line":37},"6":{"name":"(anonymous_6)","decl":{"start":{"line":39,"column":42},"end":{"line":39,"column":43}},"loc":{"start":{"line":39,"column":50},"end":{"line":39,"column":71}},"line":39},"7":{"name":"(anonymous_7)","decl":{"start":{"line":41,"column":45},"end":{"line":41,"column":46}},"loc":{"start":{"line":41,"column":53},"end":{"line":41,"column":67}},"line":41},"8":{"name":"(anonymous_8)","decl":{"start":{"line":42,"column":43},"end":{"line":42,"column":44}},"loc":{"start":{"line":42,"column":51},"end":{"line":42,"column":69}},"line":42}},"branchMap":{"0":{"loc":{"start":{"line":17,"column":2},"end":{"line":34,"column":3}},"type":"if","locations":[{"start":{"line":17,"column":2},"end":{"line":34,"column":3}},{"start":{"line":17,"column":2},"end":{"line":34,"column":3}}],"line":17}},"s":{"0":0,"1":0,"2":0,"3":0,"4":0,"5":0,"6":0,"7":0,"8":0,"9":0,"10":0,"11":0,"12":0,"13":0,"14":0,"15":0,"16":0,"17":0,"18":0,"19":0,"20":0,"21":0,"22":0,"23":0,"24":0,"25":0,"26":0,"27":0},"f":{"0":0,"1":0,"2":0,"3":0,"4":0,"5":0,"6":0,"7":0,"8":0},"b":{"0":[0,0]},"hash":"e5ea6b67aea76b0030904d2e028be02afc505331"}
,"/Users/przemyslaw/Desktop/repos/react-team-woo/src/actions/actionsWoo.js": {"path":"/Users/przemyslaw/Desktop/repos/react-team-woo/src/actions/actionsWoo.js","statementMap":{"0":{"start":{"line":4,"column":38},"end":{"line":4,"column":62}},"1":{"start":{"line":5,"column":36},"end":{"line":5,"column":58}},"2":{"start":{"line":6,"column":37},"end":{"line":6,"column":60}},"3":{"start":{"line":7,"column":51},"end":{"line":7,"column":88}},"4":{"start":{"line":8,"column":31},"end":{"line":8,"column":48}},"5":{"start":{"line":9,"column":35},"end":{"line":9,"column":56}},"6":{"start":{"line":10,"column":33},"end":{"line":10,"column":52}},"7":{"start":{"line":11,"column":34},"end":{"line":11,"column":54}},"8":{"start":{"line":12,"column":17},"end":{"line":12,"column":30}},"9":{"start":{"line":14,"column":20},"end":{"line":20,"column":2}},"10":{"start":{"line":23,"column":22},"end":{"line":28,"column":2}},"11":{"start":{"line":23,"column":31},"end":{"line":28,"column":1}},"12":{"start":{"line":30,"column":21},"end":{"line":35,"column":2}},"13":{"start":{"line":30,"column":30},"end":{"line":35,"column":1}},"14":{"start":{"line":37,"column":28},"end":{"line":42,"column":2}},"15":{"start":{"line":37,"column":37},"end":{"line":42,"column":1}},"16":{"start":{"line":44,"column":28},"end":{"line":47,"column":2}},"17":{"start":{"line":44,"column":38},"end":{"line":47,"column":1}},"18":{"start":{"line":49,"column":32},"end":{"line":57,"column":1}},"19":{"start":{"line":49,"column":38},"end":{"line":57,"column":1}},"20":{"start":{"line":50,"column":2},"end":{"line":56,"column":3}},"21":{"start":{"line":51,"column":21},"end":{"line":51,"column":43}},"22":{"start":{"line":52,"column":24},"end":{"line":52,"column":58}},"23":{"start":{"line":53,"column":4},"end":{"line":53,"column":41}},"24":{"start":{"line":55,"column":4},"end":{"line":55,"column":41}},"25":{"start":{"line":59,"column":34},"end":{"line":68,"column":1}},"26":{"start":{"line":59,"column":42},"end":{"line":68,"column":1}},"27":{"start":{"line":60,"column":2},"end":{"line":66,"column":3}},"28":{"start":{"line":61,"column":21},"end":{"line":61,"column":72}},"29":{"start":{"line":62,"column":21},"end":{"line":62,"column":55}},"30":{"start":{"line":63,"column":4},"end":{"line":63,"column":47}},"31":{"start":{"line":65,"column":4},"end":{"line":65,"column":23}},"32":{"start":{"line":67,"column":2},"end":{"line":67,"column":16}},"33":{"start":{"line":70,"column":33},"end":{"line":78,"column":1}},"34":{"start":{"line":70,"column":50},"end":{"line":78,"column":1}},"35":{"start":{"line":71,"column":2},"end":{"line":77,"column":5}},"36":{"start":{"line":80,"column":30},"end":{"line":99,"column":1}},"37":{"start":{"line":80,"column":41},"end":{"line":99,"column":1}},"38":{"start":{"line":81,"column":26},"end":{"line":81,"column":45}},"39":{"start":{"line":82,"column":2},"end":{"line":82,"column":26}},"40":{"start":{"line":83,"column":2},"end":{"line":83,"column":43}},"41":{"start":{"line":85,"column":2},"end":{"line":97,"column":3}},"42":{"start":{"line":86,"column":21},"end":{"line":86,"column":94}},"43":{"start":{"line":87,"column":21},"end":{"line":87,"column":55}},"44":{"start":{"line":88,"column":4},"end":{"line":94,"column":7}},"45":{"start":{"line":96,"column":4},"end":{"line":96,"column":21}},"46":{"start":{"line":98,"column":2},"end":{"line":98,"column":14}},"47":{"start":{"line":101,"column":47},"end":{"line":120,"column":1}},"48":{"start":{"line":101,"column":63},"end":{"line":120,"column":1}},"49":{"start":{"line":102,"column":2},"end":{"line":118,"column":3}},"50":{"start":{"line":103,"column":28},"end":{"line":103,"column":98}},"51":{"start":{"line":104,"column":23},"end":{"line":104,"column":64}},"52":{"start":{"line":105,"column":4},"end":{"line":105,"column":49}},"53":{"start":{"line":106,"column":31},"end":{"line":106,"column":50}},"54":{"start":{"line":107,"column":19},"end":{"line":107,"column":33}},"55":{"start":{"line":108,"column":30},"end":{"line":108,"column":97}},"56":{"start":{"line":109,"column":25},"end":{"line":109,"column":68}},"57":{"start":{"line":110,"column":4},"end":{"line":115,"column":7}},"58":{"start":{"line":117,"column":4},"end":{"line":117,"column":23}},"59":{"start":{"line":119,"column":2},"end":{"line":119,"column":14}},"60":{"start":{"line":122,"column":25},"end":{"line":127,"column":2}},"61":{"start":{"line":122,"column":32},"end":{"line":127,"column":1}},"62":{"start":{"line":129,"column":26},"end":{"line":134,"column":2}},"63":{"start":{"line":129,"column":33},"end":{"line":134,"column":1}},"64":{"start":{"line":136,"column":31},"end":{"line":139,"column":1}},"65":{"start":{"line":136,"column":37},"end":{"line":139,"column":1}},"66":{"start":{"line":137,"column":2},"end":{"line":137,"column":40}},"67":{"start":{"line":138,"column":2},"end":{"line":138,"column":31}},"68":{"start":{"line":141,"column":32},"end":{"line":144,"column":1}},"69":{"start":{"line":141,"column":38},"end":{"line":144,"column":1}},"70":{"start":{"line":142,"column":2},"end":{"line":142,"column":43}},"71":{"start":{"line":143,"column":2},"end":{"line":143,"column":32}}},"fnMap":{"0":{"name":"(anonymous_0)","decl":{"start":{"line":23,"column":22},"end":{"line":23,"column":23}},"loc":{"start":{"line":23,"column":31},"end":{"line":28,"column":1}},"line":23},"1":{"name":"(anonymous_1)","decl":{"start":{"line":30,"column":21},"end":{"line":30,"column":22}},"loc":{"start":{"line":30,"column":30},"end":{"line":35,"column":1}},"line":30},"2":{"name":"(anonymous_2)","decl":{"start":{"line":37,"column":28},"end":{"line":37,"column":29}},"loc":{"start":{"line":37,"column":37},"end":{"line":42,"column":1}},"line":37},"3":{"name":"(anonymous_3)","decl":{"start":{"line":44,"column":28},"end":{"line":44,"column":29}},"loc":{"start":{"line":44,"column":38},"end":{"line":47,"column":1}},"line":44},"4":{"name":"(anonymous_4)","decl":{"start":{"line":49,"column":32},"end":{"line":49,"column":33}},"loc":{"start":{"line":49,"column":38},"end":{"line":57,"column":1}},"line":49},"5":{"name":"(anonymous_5)","decl":{"start":{"line":49,"column":38},"end":{"line":49,"column":39}},"loc":{"start":{"line":49,"column":56},"end":{"line":57,"column":1}},"line":49},"6":{"name":"(anonymous_6)","decl":{"start":{"line":59,"column":34},"end":{"line":59,"column":35}},"loc":{"start":{"line":59,"column":42},"end":{"line":68,"column":1}},"line":59},"7":{"name":"(anonymous_7)","decl":{"start":{"line":59,"column":42},"end":{"line":59,"column":43}},"loc":{"start":{"line":59,"column":60},"end":{"line":68,"column":1}},"line":59},"8":{"name":"(anonymous_8)","decl":{"start":{"line":70,"column":33},"end":{"line":70,"column":34}},"loc":{"start":{"line":70,"column":50},"end":{"line":78,"column":1}},"line":70},"9":{"name":"(anonymous_9)","decl":{"start":{"line":70,"column":50},"end":{"line":70,"column":51}},"loc":{"start":{"line":70,"column":62},"end":{"line":78,"column":1}},"line":70},"10":{"name":"(anonymous_10)","decl":{"start":{"line":80,"column":30},"end":{"line":80,"column":31}},"loc":{"start":{"line":80,"column":41},"end":{"line":99,"column":1}},"line":80},"11":{"name":"(anonymous_11)","decl":{"start":{"line":80,"column":41},"end":{"line":80,"column":42}},"loc":{"start":{"line":80,"column":71},"end":{"line":99,"column":1}},"line":80},"12":{"name":"(anonymous_12)","decl":{"start":{"line":101,"column":47},"end":{"line":101,"column":48}},"loc":{"start":{"line":101,"column":63},"end":{"line":120,"column":1}},"line":101},"13":{"name":"(anonymous_13)","decl":{"start":{"line":101,"column":63},"end":{"line":101,"column":64}},"loc":{"start":{"line":101,"column":93},"end":{"line":120,"column":1}},"line":101},"14":{"name":"(anonymous_14)","decl":{"start":{"line":122,"column":25},"end":{"line":122,"column":26}},"loc":{"start":{"line":122,"column":32},"end":{"line":127,"column":1}},"line":122},"15":{"name":"(anonymous_15)","decl":{"start":{"line":129,"column":26},"end":{"line":129,"column":27}},"loc":{"start":{"line":129,"column":33},"end":{"line":134,"column":1}},"line":129},"16":{"name":"(anonymous_16)","decl":{"start":{"line":136,"column":31},"end":{"line":136,"column":32}},"loc":{"start":{"line":136,"column":37},"end":{"line":139,"column":1}},"line":136},"17":{"name":"(anonymous_17)","decl":{"start":{"line":136,"column":37},"end":{"line":136,"column":38}},"loc":{"start":{"line":136,"column":49},"end":{"line":139,"column":1}},"line":136},"18":{"name":"(anonymous_18)","decl":{"start":{"line":141,"column":32},"end":{"line":141,"column":33}},"loc":{"start":{"line":141,"column":38},"end":{"line":144,"column":1}},"line":141},"19":{"name":"(anonymous_19)","decl":{"start":{"line":141,"column":38},"end":{"line":141,"column":39}},"loc":{"start":{"line":141,"column":50},"end":{"line":144,"column":1}},"line":141}},"branchMap":{},"s":{"0":0,"1":0,"2":0,"3":0,"4":0,"5":0,"6":0,"7":0,"8":0,"9":0,"10":0,"11":0,"12":0,"13":0,"14":0,"15":0,"16":0,"17":0,"18":0,"19":0,"20":0,"21":0,"22":0,"23":0,"24":0,"25":0,"26":0,"27":0,"28":0,"29":0,"30":0,"31":0,"32":0,"33":0,"34":0,"35":0,"36":0,"37":0,"38":0,"39":0,"40":0,"41":0,"42":0,"43":0,"44":0,"45":0,"46":0,"47":0,"48":0,"49":0,"50":0,"51":0,"52":0,"53":0,"54":0,"55":0,"56":0,"57":0,"58":0,"59":0,"60":0,"61":0,"62":0,"63":0,"64":0,"65":0,"66":0,"67":0,"68":0,"69":0,"70":0,"71":0},"f":{"0":0,"1":0,"2":0,"3":0,"4":0,"5":0,"6":0,"7":0,"8":0,"9":0,"10":0,"11":0,"12":0,"13":0,"14":0,"15":0,"16":0,"17":0,"18":0,"19":0},"b":{},"hash":"0e0918903791ef9f388ac0334e5e2841ddeddd89"}
,"/Users/przemyslaw/Desktop/repos/react-team-woo/src/components/common/Layout.js": {"path":"/Users/przemyslaw/Desktop/repos/react-team-woo/src/components/common/Layout.js","statementMap":{"0":{"start":{"line":10,"column":15},"end":{"line":31,"column":1}},"1":{"start":{"line":11,"column":34},"end":{"line":11,"column":39}},"2":{"start":{"line":14,"column":6},"end":{"line":14,"column":11}},"3":{"start":{"line":15,"column":44},"end":{"line":15,"column":49}},"4":{"start":{"line":16,"column":2},"end":{"line":30,"column":4}},"5":{"start":{"line":21,"column":23},"end":{"line":21,"column":45}},"6":{"start":{"line":33,"column":24},"end":{"line":35,"column":2}},"7":{"start":{"line":33,"column":34},"end":{"line":35,"column":1}},"8":{"start":{"line":37,"column":27},"end":{"line":39,"column":2}},"9":{"start":{"line":37,"column":40},"end":{"line":39,"column":1}},"10":{"start":{"line":38,"column":24},"end":{"line":38,"column":57}},"11":{"start":{"line":41,"column":0},"end":{"line":43,"column":2}}},"fnMap":{"0":{"name":"(anonymous_0)","decl":{"start":{"line":10,"column":15},"end":{"line":10,"column":16}},"loc":{"start":{"line":10,"column":24},"end":{"line":31,"column":1}},"line":10},"1":{"name":"(anonymous_1)","decl":{"start":{"line":21,"column":17},"end":{"line":21,"column":18}},"loc":{"start":{"line":21,"column":23},"end":{"line":21,"column":45}},"line":21},"2":{"name":"(anonymous_2)","decl":{"start":{"line":33,"column":24},"end":{"line":33,"column":25}},"loc":{"start":{"line":33,"column":34},"end":{"line":35,"column":1}},"line":33},"3":{"name":"(anonymous_3)","decl":{"start":{"line":37,"column":27},"end":{"line":37,"column":28}},"loc":{"start":{"line":37,"column":40},"end":{"line":39,"column":1}},"line":37},"4":{"name":"(anonymous_4)","decl":{"start":{"line":38,"column":18},"end":{"line":38,"column":19}},"loc":{"start":{"line":38,"column":24},"end":{"line":38,"column":57}},"line":38}},"branchMap":{"0":{"loc":{"start":{"line":24,"column":13},"end":{"line":24,"column":67}},"type":"cond-expr","locations":[{"start":{"line":24,"column":41},"end":{"line":24,"column":62}},{"start":{"line":24,"column":65},"end":{"line":24,"column":67}}],"line":24},"1":{"loc":{"start":{"line":24,"column":13},"end":{"line":24,"column":38}},"type":"binary-expr","locations":[{"start":{"line":24,"column":13},"end":{"line":24,"column":26}},{"start":{"line":24,"column":30},"end":{"line":24,"column":38}}],"line":24},"2":{"loc":{"start":{"line":27,"column":7},"end":{"line":27,"column":124}},"type":"binary-expr","locations":[{"start":{"line":27,"column":7},"end":{"line":27,"column":22}},{"start":{"line":27,"column":27},"end":{"line":27,"column":123}}],"line":27},"3":{"loc":{"start":{"line":27,"column":69},"end":{"line":27,"column":116}},"type":"cond-expr","locations":[{"start":{"line":27,"column":87},"end":{"line":27,"column":111}},{"start":{"line":27,"column":114},"end":{"line":27,"column":116}}],"line":27}},"s":{"0":0,"1":0,"2":0,"3":0,"4":0,"5":0,"6":0,"7":0,"8":0,"9":0,"10":0,"11":0},"f":{"0":0,"1":0,"2":0,"3":0,"4":0},"b":{"0":[0,0],"1":[0,0],"2":[0,0],"3":[0,0]},"hash":"0dc9a3f4d78d8453a27c276fa70e703dc161e631"}
,"/Users/przemyslaw/Desktop/repos/react-team-woo/src/components/common/Loader.js": {"path":"/Users/przemyslaw/Desktop/repos/react-team-woo/src/components/common/Loader.js","statementMap":{"0":{"start":{"line":7,"column":15},"end":{"line":26,"column":1}},"1":{"start":{"line":8,"column":34},"end":{"line":8,"column":39}},"2":{"start":{"line":9,"column":2},"end":{"line":24,"column":3}},"3":{"start":{"line":10,"column":4},"end":{"line":23,"column":6}},"4":{"start":{"line":25,"column":2},"end":{"line":25,"column":18}},"5":{"start":{"line":28,"column":0},"end":{"line":30,"column":2}}},"fnMap":{"0":{"name":"(anonymous_0)","decl":{"start":{"line":7,"column":15},"end":{"line":7,"column":16}},"loc":{"start":{"line":7,"column":24},"end":{"line":26,"column":1}},"line":7}},"branchMap":{"0":{"loc":{"start":{"line":9,"column":2},"end":{"line":24,"column":3}},"type":"if","locations":[{"start":{"line":9,"column":2},"end":{"line":24,"column":3}},{"start":{"line":9,"column":2},"end":{"line":24,"column":3}}],"line":9},"1":{"loc":{"start":{"line":14,"column":13},"end":{"line":14,"column":71}},"type":"cond-expr","locations":[{"start":{"line":14,"column":25},"end":{"line":14,"column":45}},{"start":{"line":14,"column":48},"end":{"line":14,"column":71}}],"line":14}},"s":{"0":0,"1":0,"2":0,"3":0,"4":0,"5":0},"f":{"0":0},"b":{"0":[0,0],"1":[0,0]},"hash":"adfcf6cbb2bd526792103139a174a07ee3a79861"}
,"/Users/przemyslaw/Desktop/repos/react-team-woo/src/components/common/NotFound.js": {"path":"/Users/przemyslaw/Desktop/repos/react-team-woo/src/components/common/NotFound.js","statementMap":{"0":{"start":{"line":4,"column":17},"end":{"line":20,"column":1}},"1":{"start":{"line":5,"column":2},"end":{"line":19,"column":12}}},"fnMap":{"0":{"name":"(anonymous_0)","decl":{"start":{"line":4,"column":17},"end":{"line":4,"column":18}},"loc":{"start":{"line":5,"column":2},"end":{"line":19,"column":12}},"line":5}},"branchMap":{},"s":{"0":0,"1":0},"f":{"0":0},"b":{},"hash":"e2af54d82b2d7cac775fb2cb17b43b6fa805e249"}
,"/Users/przemyslaw/Desktop/repos/react-team-woo/src/components/common/PagesLoader.js": {"path":"/Users/przemyslaw/Desktop/repos/react-team-woo/src/components/common/PagesLoader.js","statementMap":{"0":{"start":{"line":8,"column":2},"end":{"line":23,"column":4}},"1":{"start":{"line":9,"column":4},"end":{"line":9,"column":54}},"2":{"start":{"line":9,"column":20},"end":{"line":9,"column":54}},"3":{"start":{"line":10,"column":4},"end":{"line":22,"column":6}},"4":{"start":{"line":27,"column":0},"end":{"line":29,"column":2}}},"fnMap":{"0":{"name":"PagesLoader","decl":{"start":{"line":7,"column":9},"end":{"line":7,"column":20}},"loc":{"start":{"line":7,"column":32},"end":{"line":24,"column":1}},"line":7},"1":{"name":"PagesLoaderComponent","decl":{"start":{"line":8,"column":18},"end":{"line":8,"column":38}},"loc":{"start":{"line":8,"column":65},"end":{"line":23,"column":3}},"line":8}},"branchMap":{"0":{"loc":{"start":{"line":9,"column":4},"end":{"line":9,"column":54}},"type":"if","locations":[{"start":{"line":9,"column":4},"end":{"line":9,"column":54}},{"start":{"line":9,"column":4},"end":{"line":9,"column":54}}],"line":9}},"s":{"0":0,"1":0,"2":0,"3":0,"4":0},"f":{"0":0,"1":0},"b":{"0":[0,0]},"hash":"28d015a1228a4f929eabc31e71b776dc37c198a0"}
,"/Users/przemyslaw/Desktop/repos/react-team-woo/src/components/common/ScrollToTop.js": {"path":"/Users/przemyslaw/Desktop/repos/react-team-woo/src/components/common/ScrollToTop.js","statementMap":{"0":{"start":{"line":5,"column":2},"end":{"line":12,"column":9}},"1":{"start":{"line":6,"column":21},"end":{"line":8,"column":6}},"2":{"start":{"line":7,"column":6},"end":{"line":7,"column":28}},"3":{"start":{"line":9,"column":4},"end":{"line":11,"column":6}},"4":{"start":{"line":10,"column":6},"end":{"line":10,"column":17}},"5":{"start":{"line":14,"column":2},"end":{"line":14,"column":16}}},"fnMap":{"0":{"name":"ScrollToTop","decl":{"start":{"line":4,"column":9},"end":{"line":4,"column":20}},"loc":{"start":{"line":4,"column":34},"end":{"line":15,"column":1}},"line":4},"1":{"name":"(anonymous_1)","decl":{"start":{"line":5,"column":12},"end":{"line":5,"column":13}},"loc":{"start":{"line":5,"column":18},"end":{"line":12,"column":3}},"line":5},"2":{"name":"(anonymous_2)","decl":{"start":{"line":6,"column":36},"end":{"line":6,"column":37}},"loc":{"start":{"line":6,"column":42},"end":{"line":8,"column":5}},"line":6},"3":{"name":"(anonymous_3)","decl":{"start":{"line":9,"column":11},"end":{"line":9,"column":12}},"loc":{"start":{"line":9,"column":17},"end":{"line":11,"column":5}},"line":9}},"branchMap":{},"s":{"0":0,"1":0,"2":0,"3":0,"4":0,"5":0},"f":{"0":0,"1":0,"2":0,"3":0},"b":{},"hash":"5822b293a11fd6317e3156e805aeb98c58efd994"}
,"/Users/przemyslaw/Desktop/repos/react-team-woo/src/components/common/SmallSpinner.js": {"path":"/Users/przemyslaw/Desktop/repos/react-team-woo/src/components/common/SmallSpinner.js","statementMap":{"0":{"start":{"line":3,"column":21},"end":{"line":72,"column":1}},"1":{"start":{"line":4,"column":2},"end":{"line":71,"column":8}}},"fnMap":{"0":{"name":"(anonymous_0)","decl":{"start":{"line":3,"column":21},"end":{"line":3,"column":22}},"loc":{"start":{"line":4,"column":2},"end":{"line":71,"column":8}},"line":4}},"branchMap":{},"s":{"0":2,"1":11},"f":{"0":11},"b":{},"_coverageSchema":"43e27e138ebf9cfc5966b082cf9a028302ed4184","hash":"8aec5c4345558cd916ccdac5de49a76a6c893ab0"}
,"/Users/przemyslaw/Desktop/repos/react-team-woo/src/components/common/SpinnerIcon.js": {"path":"/Users/przemyslaw/Desktop/repos/react-team-woo/src/components/common/SpinnerIcon.js","statementMap":{"0":{"start":{"line":3,"column":20},"end":{"line":8,"column":1}},"1":{"start":{"line":4,"column":2},"end":{"line":7,"column":8}}},"fnMap":{"0":{"name":"(anonymous_0)","decl":{"start":{"line":3,"column":20},"end":{"line":3,"column":21}},"loc":{"start":{"line":4,"column":2},"end":{"line":7,"column":8}},"line":4}},"branchMap":{},"s":{"0":0,"1":0},"f":{"0":0},"b":{},"hash":"39cfe210ae1fa87c4dc6e26309a39738535fe41e"}
,"/Users/przemyslaw/Desktop/repos/react-team-woo/src/components/common/buttons/ButtonRemove.js": {"path":"/Users/przemyslaw/Desktop/repos/react-team-woo/src/components/common/buttons/ButtonRemove.js","statementMap":{"0":{"start":{"line":4,"column":21},"end":{"line":14,"column":1}},"1":{"start":{"line":7,"column":6},"end":{"line":7,"column":11}},"2":{"start":{"line":8,"column":2},"end":{"line":13,"column":4}},"3":{"start":{"line":10,"column":59},"end":{"line":10,"column":78}}},"fnMap":{"0":{"name":"(anonymous_0)","decl":{"start":{"line":4,"column":21},"end":{"line":4,"column":22}},"loc":{"start":{"line":4,"column":30},"end":{"line":14,"column":1}},"line":4},"1":{"name":"(anonymous_1)","decl":{"start":{"line":10,"column":53},"end":{"line":10,"column":54}},"loc":{"start":{"line":10,"column":59},"end":{"line":10,"column":78}},"line":10}},"branchMap":{},"s":{"0":0,"1":0,"2":0,"3":0},"f":{"0":0,"1":0},"b":{},"hash":"845600250c944fee46bcb4e7de2e1cd98d1faa0c"}
,"/Users/przemyslaw/Desktop/repos/react-team-woo/src/components/common/buttons/ButtonSlideNext.js": {"path":"/Users/przemyslaw/Desktop/repos/react-team-woo/src/components/common/buttons/ButtonSlideNext.js","statementMap":{"0":{"start":{"line":8,"column":21},"end":{"line":11,"column":1}},"1":{"start":{"line":13,"column":21},"end":{"line":17,"column":1}},"2":{"start":{"line":19,"column":22},"end":{"line":23,"column":1}},"3":{"start":{"line":25,"column":24},"end":{"line":47,"column":1}},"4":{"start":{"line":33,"column":2},"end":{"line":46,"column":11}},"5":{"start":{"line":43,"column":19},"end":{"line":43,"column":38}},"6":{"start":{"line":49,"column":0},"end":{"line":56,"column":2}}},"fnMap":{"0":{"name":"(anonymous_0)","decl":{"start":{"line":25,"column":24},"end":{"line":25,"column":25}},"loc":{"start":{"line":33,"column":2},"end":{"line":46,"column":11}},"line":33},"1":{"name":"(anonymous_1)","decl":{"start":{"line":43,"column":13},"end":{"line":43,"column":14}},"loc":{"start":{"line":43,"column":19},"end":{"line":43,"column":38}},"line":43}},"branchMap":{},"s":{"0":0,"1":0,"2":0,"3":0,"4":0,"5":0,"6":0},"f":{"0":0,"1":0},"b":{},"hash":"8e5ff4e17aedced914bb93c14faa20de14fbbf9c"}
,"/Users/przemyslaw/Desktop/repos/react-team-woo/src/components/common/buttons/ButtonSlidePrev.js": {"path":"/Users/przemyslaw/Desktop/repos/react-team-woo/src/components/common/buttons/ButtonSlidePrev.js","statementMap":{"0":{"start":{"line":8,"column":21},"end":{"line":11,"column":1}},"1":{"start":{"line":13,"column":21},"end":{"line":17,"column":1}},"2":{"start":{"line":19,"column":22},"end":{"line":22,"column":1}},"3":{"start":{"line":24,"column":24},"end":{"line":46,"column":1}},"4":{"start":{"line":32,"column":2},"end":{"line":45,"column":11}},"5":{"start":{"line":42,"column":19},"end":{"line":42,"column":38}},"6":{"start":{"line":48,"column":0},"end":{"line":55,"column":2}}},"fnMap":{"0":{"name":"(anonymous_0)","decl":{"start":{"line":24,"column":24},"end":{"line":24,"column":25}},"loc":{"start":{"line":32,"column":2},"end":{"line":45,"column":11}},"line":32},"1":{"name":"(anonymous_1)","decl":{"start":{"line":42,"column":13},"end":{"line":42,"column":14}},"loc":{"start":{"line":42,"column":19},"end":{"line":42,"column":38}},"line":42}},"branchMap":{},"s":{"0":0,"1":0,"2":0,"3":0,"4":0,"5":0,"6":0},"f":{"0":0,"1":0},"b":{},"hash":"93b17a01d20a34c286a108f15730162bf18e6f5a"}
,"/Users/przemyslaw/Desktop/repos/react-team-woo/src/components/common/buttons/ButtonSubmit.js": {"path":"/Users/przemyslaw/Desktop/repos/react-team-woo/src/components/common/buttons/ButtonSubmit.js","statementMap":{"0":{"start":{"line":5,"column":21},"end":{"line":18,"column":1}},"1":{"start":{"line":8,"column":6},"end":{"line":8,"column":11}},"2":{"start":{"line":9,"column":2},"end":{"line":17,"column":4}}},"fnMap":{"0":{"name":"(anonymous_0)","decl":{"start":{"line":5,"column":21},"end":{"line":5,"column":22}},"loc":{"start":{"line":5,"column":30},"end":{"line":18,"column":1}},"line":5}},"branchMap":{"0":{"loc":{"start":{"line":13,"column":39},"end":{"line":13,"column":74}},"type":"cond-expr","locations":[{"start":{"line":13,"column":54},"end":{"line":13,"column":69}},{"start":{"line":13,"column":72},"end":{"line":13,"column":74}}],"line":13}},"s":{"0":0,"1":0,"2":0},"f":{"0":0},"b":{"0":[0,0]},"hash":"d0767ca8a5811fc7b46ca74b4b598d3ab0617bc1"}
,"/Users/przemyslaw/Desktop/repos/react-team-woo/src/components/common/errors/LoginErrors.js": {"path":"/Users/przemyslaw/Desktop/repos/react-team-woo/src/components/common/errors/LoginErrors.js","statementMap":{"0":{"start":{"line":4,"column":20},"end":{"line":8,"column":1}},"1":{"start":{"line":5,"column":2},"end":{"line":7,"column":8}}},"fnMap":{"0":{"name":"(anonymous_0)","decl":{"start":{"line":4,"column":20},"end":{"line":4,"column":21}},"loc":{"start":{"line":5,"column":2},"end":{"line":7,"column":8}},"line":5}},"branchMap":{},"s":{"0":0,"1":0},"f":{"0":0},"b":{},"hash":"8d6093af18dbd5620ee1c44cf7931a4bbe78eb54"}
,"/Users/przemyslaw/Desktop/repos/react-team-woo/src/components/common/forms/Input.js": {"path":"/Users/przemyslaw/Desktop/repos/react-team-woo/src/components/common/forms/Input.js","statementMap":{"0":{"start":{"line":4,"column":14},"end":{"line":20,"column":1}},"1":{"start":{"line":7,"column":6},"end":{"line":7,"column":11}},"2":{"start":{"line":8,"column":2},"end":{"line":19,"column":4}},"3":{"start":{"line":22,"column":0},"end":{"line":29,"column":2}}},"fnMap":{"0":{"name":"(anonymous_0)","decl":{"start":{"line":4,"column":14},"end":{"line":4,"column":15}},"loc":{"start":{"line":4,"column":23},"end":{"line":20,"column":1}},"line":4}},"branchMap":{},"s":{"0":1,"1":0,"2":0,"3":1},"f":{"0":0},"b":{},"_coverageSchema":"43e27e138ebf9cfc5966b082cf9a028302ed4184","hash":"4a3bad7e2d7f58076aa3a3a1323ebe7004edab14"}
,"/Users/przemyslaw/Desktop/repos/react-team-woo/src/components/common/forms/Label.js": {"path":"/Users/przemyslaw/Desktop/repos/react-team-woo/src/components/common/forms/Label.js","statementMap":{"0":{"start":{"line":4,"column":14},"end":{"line":9,"column":1}},"1":{"start":{"line":5,"column":31},"end":{"line":5,"column":36}},"2":{"start":{"line":6,"column":2},"end":{"line":8,"column":4}}},"fnMap":{"0":{"name":"(anonymous_0)","decl":{"start":{"line":4,"column":14},"end":{"line":4,"column":15}},"loc":{"start":{"line":4,"column":23},"end":{"line":9,"column":1}},"line":4}},"branchMap":{"0":{"loc":{"start":{"line":7,"column":41},"end":{"line":7,"column":67}},"type":"cond-expr","locations":[{"start":{"line":7,"column":50},"end":{"line":7,"column":62}},{"start":{"line":7,"column":65},"end":{"line":7,"column":67}}],"line":7}},"s":{"0":0,"1":0,"2":0},"f":{"0":0},"b":{"0":[0,0]},"hash":"90350fc914d49985ebd09a62d3af0cf280f24502"}
,"/Users/przemyslaw/Desktop/repos/react-team-woo/src/components/common/forms/TextArea.js": {"path":"/Users/przemyslaw/Desktop/repos/react-team-woo/src/components/common/forms/TextArea.js","statementMap":{"0":{"start":{"line":4,"column":17},"end":{"line":21,"column":1}},"1":{"start":{"line":7,"column":6},"end":{"line":7,"column":11}},"2":{"start":{"line":8,"column":2},"end":{"line":20,"column":4}},"3":{"start":{"line":23,"column":0},"end":{"line":32,"column":2}}},"fnMap":{"0":{"name":"(anonymous_0)","decl":{"start":{"line":4,"column":17},"end":{"line":4,"column":18}},"loc":{"start":{"line":4,"column":26},"end":{"line":21,"column":1}},"line":4}},"branchMap":{},"s":{"0":1,"1":0,"2":0,"3":1},"f":{"0":0},"b":{},"_coverageSchema":"43e27e138ebf9cfc5966b082cf9a028302ed4184","hash":"13720e0a09fac5d50860e9979a0e3ad09eae7a4c"}
,"/Users/przemyslaw/Desktop/repos/react-team-woo/src/components/common/login/RegistrationButton.js": {"path":"/Users/przemyslaw/Desktop/repos/react-team-woo/src/components/common/login/RegistrationButton.js","statementMap":{"0":{"start":{"line":5,"column":27},"end":{"line":21,"column":1}},"1":{"start":{"line":6,"column":2},"end":{"line":20,"column":8}},"2":{"start":{"line":12,"column":31},"end":{"line":12,"column":65}}},"fnMap":{"0":{"name":"(anonymous_0)","decl":{"start":{"line":5,"column":27},"end":{"line":5,"column":28}},"loc":{"start":{"line":6,"column":2},"end":{"line":20,"column":8}},"line":6},"1":{"name":"(anonymous_1)","decl":{"start":{"line":12,"column":25},"end":{"line":12,"column":26}},"loc":{"start":{"line":12,"column":31},"end":{"line":12,"column":65}},"line":12}},"branchMap":{},"s":{"0":0,"1":0,"2":0},"f":{"0":0,"1":0},"b":{},"hash":"c4b05b062adad7b87c3e35fba7a403e11843f94e"}
,"/Users/przemyslaw/Desktop/repos/react-team-woo/src/components/common/login/RegistrationForm.js": {"path":"/Users/przemyslaw/Desktop/repos/react-team-woo/src/components/common/login/RegistrationForm.js","statementMap":{"0":{"start":{"line":12,"column":10},"end":{"line":26,"column":3}},"1":{"start":{"line":28,"column":22},"end":{"line":32,"column":3}},"2":{"start":{"line":29,"column":4},"end":{"line":31,"column":7}},"3":{"start":{"line":34,"column":30},"end":{"line":68,"column":3}},"4":{"start":{"line":35,"column":4},"end":{"line":35,"column":27}},"5":{"start":{"line":36,"column":19},"end":{"line":36,"column":38}},"6":{"start":{"line":37,"column":18},"end":{"line":37,"column":60}},"7":{"start":{"line":38,"column":21},"end":{"line":38,"column":27}},"8":{"start":{"line":39,"column":23},"end":{"line":39,"column":33}},"9":{"start":{"line":40,"column":21},"end":{"line":40,"column":176}},"10":{"start":{"line":41,"column":20},"end":{"line":41,"column":33}},"11":{"start":{"line":42,"column":4},"end":{"line":63,"column":5}},"12":{"start":{"line":44,"column":8},"end":{"line":44,"column":88}},"13":{"start":{"line":45,"column":8},"end":{"line":45,"column":14}},"14":{"start":{"line":47,"column":8},"end":{"line":49,"column":46}},"15":{"start":{"line":50,"column":8},"end":{"line":50,"column":14}},"16":{"start":{"line":53,"column":8},"end":{"line":53,"column":89}},"17":{"start":{"line":54,"column":8},"end":{"line":54,"column":14}},"18":{"start":{"line":56,"column":8},"end":{"line":58,"column":98}},"19":{"start":{"line":59,"column":8},"end":{"line":59,"column":14}},"20":{"start":{"line":62,"column":8},"end":{"line":62,"column":14}},"21":{"start":{"line":64,"column":4},"end":{"line":67,"column":7}},"22":{"start":{"line":70,"column":36},"end":{"line":77,"column":37}},"23":{"start":{"line":70,"column":46},"end":{"line":77,"column":37}},"24":{"start":{"line":79,"column":15},"end":{"line":117,"column":3}},"25":{"start":{"line":82,"column":8},"end":{"line":82,"column":18}},"26":{"start":{"line":83,"column":16},"end":{"line":83,"column":41}},"27":{"start":{"line":84,"column":24},"end":{"line":84,"column":34}},"28":{"start":{"line":85,"column":4},"end":{"line":116,"column":9}},"29":{"start":{"line":90,"column":25},"end":{"line":90,"column":28}},"30":{"start":{"line":91,"column":8},"end":{"line":112,"column":9}},"31":{"start":{"line":92,"column":10},"end":{"line":106,"column":13}},"32":{"start":{"line":100,"column":12},"end":{"line":105,"column":21}},"33":{"start":{"line":101,"column":14},"end":{"line":103,"column":17}},"34":{"start":{"line":104,"column":14},"end":{"line":104,"column":37}},"35":{"start":{"line":108,"column":10},"end":{"line":111,"column":13}},"36":{"start":{"line":115,"column":8},"end":{"line":115,"column":36}},"37":{"start":{"line":119,"column":18},"end":{"line":134,"column":3}},"38":{"start":{"line":120,"column":16},"end":{"line":120,"column":41}},"39":{"start":{"line":121,"column":4},"end":{"line":123,"column":7}},"40":{"start":{"line":124,"column":4},"end":{"line":132,"column":5}},"41":{"start":{"line":125,"column":18},"end":{"line":127,"column":7}},"42":{"start":{"line":128,"column":23},"end":{"line":128,"column":26}},"43":{"start":{"line":129,"column":6},"end":{"line":129,"column":34}},"44":{"start":{"line":131,"column":6},"end":{"line":131,"column":25}},"45":{"start":{"line":133,"column":4},"end":{"line":133,"column":16}},"46":{"start":{"line":136,"column":17},"end":{"line":139,"column":3}},"47":{"start":{"line":137,"column":4},"end":{"line":137,"column":27}},"48":{"start":{"line":138,"column":4},"end":{"line":138,"column":25}},"49":{"start":{"line":151,"column":8},"end":{"line":151,"column":18}},"50":{"start":{"line":152,"column":22},"end":{"line":152,"column":66}},"51":{"start":{"line":154,"column":4},"end":{"line":259,"column":6}}},"fnMap":{"0":{"name":"(anonymous_0)","decl":{"start":{"line":28,"column":22},"end":{"line":28,"column":23}},"loc":{"start":{"line":28,"column":28},"end":{"line":32,"column":3}},"line":28},"1":{"name":"(anonymous_1)","decl":{"start":{"line":34,"column":30},"end":{"line":34,"column":31}},"loc":{"start":{"line":34,"column":39},"end":{"line":68,"column":3}},"line":34},"2":{"name":"(anonymous_2)","decl":{"start":{"line":70,"column":36},"end":{"line":70,"column":37}},"loc":{"start":{"line":70,"column":46},"end":{"line":77,"column":37}},"line":70},"3":{"name":"(anonymous_3)","decl":{"start":{"line":79,"column":15},"end":{"line":79,"column":16}},"loc":{"start":{"line":79,"column":24},"end":{"line":117,"column":3}},"line":79},"4":{"name":"(anonymous_4)","decl":{"start":{"line":89,"column":12},"end":{"line":89,"column":13}},"loc":{"start":{"line":89,"column":19},"end":{"line":113,"column":7}},"line":89},"5":{"name":"(anonymous_5)","decl":{"start":{"line":99,"column":13},"end":{"line":99,"column":14}},"loc":{"start":{"line":99,"column":19},"end":{"line":106,"column":11}},"line":99},"6":{"name":"(anonymous_6)","decl":{"start":{"line":100,"column":23},"end":{"line":100,"column":24}},"loc":{"start":{"line":100,"column":29},"end":{"line":105,"column":13}},"line":100},"7":{"name":"(anonymous_7)","decl":{"start":{"line":114,"column":13},"end":{"line":114,"column":14}},"loc":{"start":{"line":114,"column":22},"end":{"line":116,"column":7}},"line":114},"8":{"name":"(anonymous_8)","decl":{"start":{"line":119,"column":18},"end":{"line":119,"column":19}},"loc":{"start":{"line":119,"column":30},"end":{"line":134,"column":3}},"line":119},"9":{"name":"(anonymous_9)","decl":{"start":{"line":136,"column":17},"end":{"line":136,"column":18}},"loc":{"start":{"line":136,"column":26},"end":{"line":139,"column":3}},"line":136},"10":{"name":"(anonymous_10)","decl":{"start":{"line":141,"column":2},"end":{"line":141,"column":3}},"loc":{"start":{"line":141,"column":11},"end":{"line":260,"column":3}},"line":141}},"branchMap":{"0":{"loc":{"start":{"line":37,"column":18},"end":{"line":37,"column":60}},"type":"binary-expr","locations":[{"start":{"line":37,"column":18},"end":{"line":37,"column":44}},{"start":{"line":37,"column":48},"end":{"line":37,"column":60}}],"line":37},"1":{"loc":{"start":{"line":42,"column":4},"end":{"line":63,"column":5}},"type":"switch","locations":[{"start":{"line":43,"column":6},"end":{"line":45,"column":14}},{"start":{"line":46,"column":6},"end":{"line":50,"column":14}},{"start":{"line":52,"column":6},"end":{"line":54,"column":14}},{"start":{"line":55,"column":6},"end":{"line":59,"column":14}},{"start":{"line":61,"column":6},"end":{"line":62,"column":14}}],"line":42},"2":{"loc":{"start":{"line":44,"column":26},"end":{"line":44,"column":87}},"type":"cond-expr","locations":[{"start":{"line":44,"column":45},"end":{"line":44,"column":82}},{"start":{"line":44,"column":85},"end":{"line":44,"column":87}}],"line":44},"3":{"loc":{"start":{"line":47,"column":23},"end":{"line":49,"column":45}},"type":"
[...]
,"/Users/przemyslaw/Desktop/repos/react-team-woo/src/styles/HomeSliderContainer.js": {"path":"/Users/przemyslaw/Desktop/repos/react-team-woo/src/styles/HomeSliderContainer.js","statementMap":{},"fnMap":{},"branchMap":{},"s":{},"f":{},"b":{},"hash":"a251128567f87d2db9acfcee7bc73a2b998a7d5a"}
,"/Users/przemyslaw/Desktop/repos/react-team-woo/src/utils/woocommerce.js": {"path":"/Users/przemyslaw/Desktop/repos/react-team-woo/src/utils/woocommerce.js","statementMap":{"0":{"start":{"line":3,"column":20},"end":{"line":9,"column":2}},"1":{"start":{"line":12,"column":29},"end":{"line":12,"column":92}},"2":{"start":{"line":12,"column":35},"end":{"line":12,"column":92}},"3":{"start":{"line":15,"column":33},"end":{"line":15,"column":84}},"4":{"start":{"line":15,"column":39},"end":{"line":15,"column":84}},"5":{"start":{"line":18,"column":30},"end":{"line":18,"column":82}},"6":{"start":{"line":18,"column":36},"end":{"line":18,"column":82}},"7":{"start":{"line":19,"column":28},"end":{"line":19,"column":64}},"8":{"start":{"line":19,"column":34},"end":{"line":19,"column":64}}},"fnMap":{"0":{"name":"(anonymous_0)","decl":{"start":{"line":12,"column":29},"end":{"line":12,"column":30}},"loc":{"start":{"line":12,"column":35},"end":{"line":12,"column":92}},"line":12},"1":{"name":"(anonymous_1)","decl":{"start":{"line":15,"column":33},"end":{"line":15,"column":34}},"loc":{"start":{"line":15,"column":39},"end":{"line":15,"column":84}},"line":15},"2":{"name":"(anonymous_2)","decl":{"start":{"line":18,"column":30},"end":{"line":18,"column":31}},"loc":{"start":{"line":18,"column":36},"end":{"line":18,"column":82}},"line":18},"3":{"name":"(anonymous_3)","decl":{"start":{"line":19,"column":28},"end":{"line":19,"column":29}},"loc":{"start":{"line":19,"column":34},"end":{"line":19,"column":64}},"line":19}},"branchMap":{},"s":{"0":0,"1":0,"2":0,"3":0,"4":0,"5":0,"6":0,"7":0,"8":0},"f":{"0":0,"1":0,"2":0,"3":0},"b":{},"hash":"bfde459553a46150c35e2034dfc4b49d39faf390"}
,"/Users/przemyslaw/Desktop/repos/react-team-woo/src/utils/woocommerceCategories.js": {"path":"/Users/przemyslaw/Desktop/repos/react-team-woo/src/utils/woocommerceCategories.js","statementMap":{"0":{"start":{"line":1,"column":28},"end":{"line":1,"column":94}},"1":{"start":{"line":1,"column":42},"end":{"line":1,"column":94}},"2":{"start":{"line":1,"column":72},"end":{"line":1,"column":93}},"3":{"start":{"line":3,"column":25},"end":{"line":3,"column":91}},"4":{"start":{"line":3,"column":39},"end":{"line":3,"column":91}},"5":{"start":{"line":3,"column":69},"end":{"line":3,"column":90}},"6":{"start":{"line":5,"column":28},"end":{"line":16,"column":1}},"7":{"start":{"line":6,"column":27},"end":{"line":6,"column":58}},"8":{"start":{"line":7,"column":24},"end":{"line":7,"column":52}},"9":{"start":{"line":9,"column":27},"end":{"line":14,"column":4}},"10":{"start":{"line":10,"column":21},"end":{"line":12,"column":5}},"11":{"start":{"line":11,"column":21},"end":{"line":11,"column":53}},"12":{"start":{"line":13,"column":4},"end":{"line":13,"column":36}},"13":{"start":{"line":15,"column":2},"end":{"line":15,"column":26}}},"fnMap":{"0":{"name":"(anonymous_0)","decl":{"start":{"line":1,"column":28},"end":{"line":1,"column":29}},"loc":{"start":{"line":1,"column":42},"end":{"line":1,"column":94}},"line":1},"1":{"name":"(anonymous_1)","decl":{"start":{"line":1,"column":60},"end":{"line":1,"column":61}},"loc":{"start":{"line":1,"column":72},"end":{"line":1,"column":93}},"line":1},"2":{"name":"(anonymous_2)","decl":{"start":{"line":3,"column":25},"end":{"line":3,"column":26}},"loc":{"start":{"line":3,"column":39},"end":{"line":3,"column":91}},"line":3},"3":{"name":"(anonymous_3)","decl":{"start":{"line":3,"column":57},"end":{"line":3,"column":58}},"loc":{"start":{"line":3,"column":69},"end":{"line":3,"column":90}},"line":3},"4":{"name":"(anonymous_4)","decl":{"start":{"line":5,"column":28},"end":{"line":5,"column":29}},"loc":{"start":{"line":5,"column":42},"end":{"line":16,"column":1}},"line":5},"5":{"name":"(anonymous_5)","decl":{"start":{"line":9,"column":48},"end":{"line":9,"column":49}},"loc":{"start":{"line":9,"column":58},"end":{"line":14,"column":3}},"line":9},"6":{"name":"(anonymous_6)","decl":{"start":{"line":11,"column":6},"end":{"line":11,"column":7}},"loc":{"start":{"line":11,"column":21},"end":{"line":11,"column":53}},"line":11}},"branchMap":{},"s":{"0":0,"1":0,"2":0,"3":0,"4":0,"5":0,"6":0,"7":0,"8":0,"9":0,"10":0,"11":0,"12":0,"13":0},"f":{"0":0,"1":0,"2":0,"3":0,"4":0,"5":0,"6":0},"b":{},"hash":"3f9272826e34cd4b9c54760cde0edacc832160a4"}
,"/Users/przemyslaw/Desktop/repos/react-team-woo/src/utils/woocommerceCategoriesMenu.js": {"path":"/Users/przemyslaw/Desktop/repos/react-team-woo/src/utils/woocommerceCategoriesMenu.js","statementMap":{"0":{"start":{"line":1,"column":28},"end":{"line":1,"column":99}},"1":{"start":{"line":1,"column":42},"end":{"line":1,"column":99}},"2":{"start":{"line":1,"column":72},"end":{"line":1,"column":98}},"3":{"start":{"line":2,"column":25},"end":{"line":2,"column":96}},"4":{"start":{"line":2,"column":39},"end":{"line":2,"column":96}},"5":{"start":{"line":2,"column":69},"end":{"line":2,"column":95}},"6":{"start":{"line":4,"column":32},"end":{"line":15,"column":1}},"7":{"start":{"line":5,"column":27},"end":{"line":5,"column":58}},"8":{"start":{"line":6,"column":24},"end":{"line":6,"column":52}},"9":{"start":{"line":8,"column":27},"end":{"line":13,"column":4}},"10":{"start":{"line":9,"column":21},"end":{"line":11,"column":5}},"11":{"start":{"line":10,"column":21},"end":{"line":10,"column":53}},"12":{"start":{"line":12,"column":4},"end":{"line":12,"column":36}},"13":{"start":{"line":14,"column":2},"end":{"line":14,"column":26}}},"fnMap":{"0":{"name":"(anonymous_0)","decl":{"start":{"line":1,"column":28},"end":{"line":1,"column":29}},"loc":{"start":{"line":1,"column":42},"end":{"line":1,"column":99}},"line":1},"1":{"name":"(anonymous_1)","decl":{"start":{"line":1,"column":60},"end":{"line":1,"column":61}},"loc":{"start":{"line":1,"column":72},"end":{"line":1,"column":98}},"line":1},"2":{"name":"(anonymous_2)","decl":{"start":{"line":2,"column":25},"end":{"line":2,"column":26}},"loc":{"start":{"line":2,"column":39},"end":{"line":2,"column":96}},"line":2},"3":{"name":"(anonymous_3)","decl":{"start":{"line":2,"column":57},"end":{"line":2,"column":58}},"loc":{"start":{"line":2,"column":69},"end":{"line":2,"column":95}},"line":2},"4":{"name":"(anonymous_4)","decl":{"start":{"line":4,"column":32},"end":{"line":4,"column":33}},"loc":{"start":{"line":4,"column":46},"end":{"line":15,"column":1}},"line":4},"5":{"name":"(anonymous_5)","decl":{"start":{"line":8,"column":48},"end":{"line":8,"column":49}},"loc":{"start":{"line":8,"column":58},"end":{"line":13,"column":3}},"line":8},"6":{"name":"(anonymous_6)","decl":{"start":{"line":10,"column":6},"end":{"line":10,"column":7}},"loc":{"start":{"line":10,"column":21},"end":{"line":10,"column":53}},"line":10}},"branchMap":{},"s":{"0":0,"1":0,"2":0,"3":0,"4":0,"5":0,"6":0,"7":0,"8":0,"9":0,"10":0,"11":0,"12":0,"13":0},"f":{"0":0,"1":0,"2":0,"3":0,"4":0,"5":0,"6":0},"b":{},"hash":"08e90d2825d7deb3d7fb35f58982b2d008c034d3"}
,"/Users/przemyslaw/Desktop/repos/react-team-woo/src/utils/wordpress.config.js": {"path":"/Users/przemyslaw/Desktop/repos/react-team-woo/src/utils/wordpress.config.js","statementMap":{"0":{"start":{"line":1,"column":24},"end":{"line":5,"column":1}}},"fnMap":{},"branchMap":{},"s":{"0":6},"f":{},"b":{},"_coverageSchema":"43e27e138ebf9cfc5966b082cf9a028302ed4184","hash":"becddf55d7459b7cf64f10802babd3a9a31d9b4e"}
,"/Users/przemyslaw/Desktop/repos/react-team-woo/src/utils/functions/sampleOneFetchCategory.js": {"path":"/Users/przemyslaw/Desktop/repos/react-team-woo/src/utils/functions/sampleOneFetchCategory.js","statementMap":{"0":{"start":{"line":5,"column":20},"end":{"line":11,"column":2}},"1":{"start":{"line":14,"column":15},"end":{"line":14,"column":20}},"2":{"start":{"line":16,"column":10},"end":{"line":20,"column":3}},"3":{"start":{"line":22,"column":22},"end":{"line":25,"column":3}},"4":{"start":{"line":23,"column":4},"end":{"line":23,"column":27}},"5":{"start":{"line":24,"column":4},"end":{"line":24,"column":31}},"6":{"start":{"line":28,"column":4},"end":{"line":28,"column":28}},"7":{"start":{"line":32,"column":22},"end":{"line":32,"column":32}},"8":{"start":{"line":34,"column":4},"end":{"line":36,"column":5}},"9":{"start":{"line":35,"column":6},"end":{"line":35,"column":33}},"10":{"start":{"line":39,"column":24},"end":{"line":65,"column":3}},"11":{"start":{"line":40,"column":21},"end":{"line":40,"column":44}},"12":{"start":{"line":41,"column":4},"end":{"line":49,"column":5}},"13":{"start":{"line":42,"column":28},"end":{"line":42,"column":103}},"14":{"start":{"line":43,"column":25},"end":{"line":43,"column":64}},"15":{"start":{"line":44,"column":6},"end":{"line":46,"column":9}},"16":{"start":{"line":48,"column":6},"end":{"line":48,"column":23}},"17":{"start":{"line":51,"column":31},"end":{"line":51,"column":41}},"18":{"start":{"line":52,"column":19},"end":{"line":52,"column":33}},"19":{"start":{"line":53,"column":4},"end":{"line":64,"column":5}},"20":{"start":{"line":54,"column":21},"end":{"line":54,"column":88}},"21":{"start":{"line":55,"column":19},"end":{"line":55,"column":51}},"22":{"start":{"line":56,"column":6},"end":{"line":61,"column":7}},"23":{"start":{"line":57,"column":8},"end":{"line":60,"column":11}},"24":{"start":{"line":63,"column":6},"end":{"line":63,"column":23}},"25":{"start":{"line":68,"column":36},"end":{"line":68,"column":46}},"26":{"start":{"line":69,"column":4},"end":{"line":69,"column":26}},"27":{"start":{"line":70,"column":4},"end":{"line":76,"column":6}}},"fnMap":{"0":{"name":"(anonymous_0)","decl":{"start":{"line":22,"column":22},"end":{"line":22,"column":23}},"loc":{"start":{"line":22,"column":28},"end":{"line":25,"column":3}},"line":22},"1":{"name":"(anonymous_1)","decl":{"start":{"line":27,"column":2},"end":{"line":27,"column":3}},"loc":{"start":{"line":27,"column":25},"end":{"line":29,"column":3}},"line":27},"2":{"name":"(anonymous_2)","decl":{"start":{"line":31,"column":2},"end":{"line":31,"column":3}},"loc":{"start":{"line":31,"column":32},"end":{"line":37,"column":3}},"line":31},"3":{"name":"(anonymous_3)","decl":{"start":{"line":39,"column":24},"end":{"line":39,"column":25}},"loc":{"start":{"line":39,"column":36},"end":{"line":65,"column":3}},"line":39},"4":{"name":"(anonymous_4)","decl":{"start":{"line":67,"column":2},"end":{"line":67,"column":3}},"loc":{"start":{"line":67,"column":11},"end":{"line":77,"column":3}},"line":67}},"branchMap":{"0":{"loc":{"start":{"line":34,"column":4},"end":{"line":36,"column":5}},"type":"if","locations":[{"start":{"line":34,"column":4},"end":{"line":36,"column":5}},{"start":{"line":34,"column":4},"end":{"line":36,"column":5}}],"line":34},"1":{"loc":{"start":{"line":56,"column":6},"end":{"line":61,"column":7}},"type":"if","locations":[{"start":{"line":56,"column":6},"end":{"line":61,"column":7}},{"start":{"line":56,"column":6},"end":{"line":61,"column":7}}],"line":56}},"s":{"0":0,"1":0,"2":0,"3":0,"4":0,"5":0,"6":0,"7":0,"8":0,"9":0,"10":0,"11":0,"12":0,"13":0,"14":0,"15":0,"16":0,"17":0,"18":0,"19":0,"20":0,"21":0,"22":0,"23":0,"24":0,"25":0,"26":0,"27":0},"f":{"0":0,"1":0,"2":0,"3":0,"4":0},"b":{"0":[0,0],"1":[0,0]},"hash":"246f2528d2b90bb4d8275bbca59ea2f4be6573c1"}
,"/Users/przemyslaw/Desktop/repos/react-team-woo/src/utils/functions/sampleTwoFetchCategory.js": {"path":"/Users/przemyslaw/Desktop/repos/react-team-woo/src/utils/functions/sampleTwoFetchCategory.js","statementMap":{"0":{"start":{"line":8,"column":22},"end":{"line":10,"column":3}},"1":{"start":{"line":9,"column":4},"end":{"line":9,"column":36}},"2":{"start":{"line":12,"column":23},"end":{"line":18,"column":3}},"3":{"start":{"line":13,"column":43},"end":{"line":13,"column":53}},"4":{"start":{"line":14,"column":21},"end":{"line":14,"column":44}},"5":{"start":{"line":15,"column":4},"end":{"line":17,"column":5}},"6":{"start":{"line":16,"column":6},"end":{"line":16,"column":40}},"7":{"start":{"line":22,"column":40},"end":{"line":22,"column":50}},"8":{"start":{"line":23,"column":4},"end":{"line":29,"column":6}},"9":{"start":{"line":33,"column":24},"end":{"line":35,"column":2}},"10":{"start":{"line":33,"column":34},"end":{"line":35,"column":1}},"11":{"start":{"line":37,"column":27},"end":{"line":40,"column":2}},"12":{"start":{"line":37,"column":40},"end":{"line":40,"column":1}},"13":{"start":{"line":38,"column":28},"end":{"line":38,"column":66}},"14":{"start":{"line":39,"column":36},"end":{"line":39,"column":84}}},"fnMap":{"0":{"name":"(anonymous_0)","decl":{"start":{"line":8,"column":22},"end":{"line":8,"column":23}},"loc":{"start":{"line":8,"column":28},"end":{"line":10,"column":3}},"line":8},"1":{"name":"(anonymous_1)","decl":{"start":{"line":12,"column":23},"end":{"line":12,"column":24}},"loc":{"start":{"line":12,"column":36},"end":{"line":18,"column":3}},"line":12},"2":{"name":"(anonymous_2)","decl":{"start":{"line":21,"column":2},"end":{"line":21,"column":3}},"loc":{"start":{"line":21,"column":11},"end":{"line":30,"column":3}},"line":21},"3":{"name":"(anonymous_3)","decl":{"start":{"line":33,"column":24},"end":{"line":33,"column":25}},"loc":{"start":{"line":33,"column":34},"end":{"line":35,"column":1}},"line":33},"4":{"name":"(anonymous_4)","decl":{"start":{"line":37,"column":27},"end":{"line":37,"column":28}},"loc":{"start":{"line":37,"column":40},"end":{"line":40,"column":1}},"line":37},"5":{"name":"(anonymous_5)","decl":{"start":{"line":38,"column":22},"end":{"line":38,"column":23}},"loc":{"start":{"line":38,"column":28},"end":{"line":38,"column":66}},"line":38},"6":{"name":"(anonymous_6)","decl":{"start":{"line":39,"column":20},"end":{"line":39,"column":21}},"loc":{"start":{"line":39,"column":36},"end":{"line":39,"column":84}},"line":39}},"branchMap":{"0":{"loc":{"start":{"line":15,"column":4},"end":{"line":17,"column":5}},"type":"if","locations":[{"start":{"line":15,"column":4},"end":{"line":17,"column":5}},{"start":{"line":15,"column":4},"end":{"line":17,"column":5}}],"line":15},"1":{"loc":{"start":{"line":15,"column":8},"end":{"line":15,"column":47}},"type":"binary-expr","locations":[{"start":{"line":15,"column":8},"end":{"line":15,"column":31}},{"start":{"line":15,"column":35},"end":{"line":15,"column":47}}],"line":15}},"s":{"0":0,"1":0,"2":0,"3":0,"4":0,"5":0,"6":0,"7":0,"8":0,"9":0,"10":0,"11":0,"12":0,"13":0,"14":0},"f":{"0":0,"1":0,"2":0,"3":0,"4":0,"5":0,"6":0},"b":{"0":[0,0],"1":[0,0]},"hash":"785fb8f152bca540ab8a45975e067d1de211f52e"}
,"/Users/przemyslaw/Desktop/repos/react-team-woo/src/utils/oldFiles/mapbox.js": {"path":"/Users/przemyslaw/Desktop/repos/react-team-woo/src/utils/oldFiles/mapbox.js","statementMap":{"0":{"start":{"line":13,"column":14},"end":{"line":13,"column":113}},"1":{"start":{"line":15,"column":19},"end":{"line":101,"column":1}},"2":{"start":{"line":16,"column":34},"end":{"line":22,"column":4}},"3":{"start":{"line":23,"column":42},"end":{"line":23,"column":56}},"4":{"start":{"line":26,"column":2},"end":{"line":41,"column":9}},"5":{"start":{"line":27,"column":27},"end":{"line":35,"column":5}},"6":{"start":{"line":28,"column":23},"end":{"line":28,"column":49}},"7":{"start":{"line":29,"column":30},"end":{"line":29,"column":44}},"8":{"start":{"line":30,"column":21},"end":{"line":30,"column":50}},"9":{"start":{"line":31,"column":20},"end":{"line":31,"column":49}},"10":{"start":{"line":32,"column":6},"end":{"line":32,"column":23}},"11":{"start":{"line":33,"column":33},"end":{"line":33,"column":38}},"12":{"start":{"line":34,"column":6},"end":{"line":34,"column":32}},"13":{"start":{"line":37,"column":4},"end":{"line":37,"column":54}},"14":{"start":{"line":38,"column":4},"end":{"line":40,"column":6}},"15":{"start":{"line":39,"column":6},"end":{"line":39,"column":59}},"16":{"start":{"line":43,"column":2},"end":{"line":54,"column":9}},"17":{"start":{"line":44,"column":21},"end":{"line":48,"column":5}},"18":{"start":{"line":45,"column":6},"end":{"line":47,"column":7}},"19":{"start":{"line":46,"column":8},"end":{"line":46,"column":30}},"20":{"start":{"line":49,"column":4},"end":{"line":49,"column":49}},"21":{"start":{"line":51,"column":4},"end":{"line":53,"column":6}},"22":{"start":{"line":52,"column":6},"end":{"line":52,"column":54}},"23":{"start":{"line":56,"column":2},"end":{"line":100,"column":4}},"24":{"start":{"line":63,"column":10},"end":{"line":63,"column":32}},"25":{"start":{"line":67,"column":10},"end":{"line":82,"column":19}},"26":{"start":{"line":74,"column":16},"end":{"line":74,"column":35}},"27":{"start":{"line":75,"column":16},"end":{"line":75,"column":37}},"28":{"start":{"line":89,"column":12},"end":{"line":89,"column":34}}},"fnMap":{"0":{"name":"(anonymous_0)","decl":{"start":{"line":15,"column":19},"end":{"line":15,"column":20}},"loc":{"start":{"line":15,"column":25},"end":{"line":101,"column":1}},"line":15},"1":{"name":"(anonymous_1)","decl":{"start":{"line":26,"column":12},"end":{"line":26,"column":13}},"loc":{"start":{"line":26,"column":18},"end":{"line":41,"column":3}},"line":26},"2":{"name":"(anonymous_2)","decl":{"start":{"line":27,"column":27},"end":{"line":27,"column":28}},"loc":{"start":{"line":27,"column":33},"end":{"line":35,"column":5}},"line":27},"3":{"name":"(anonymous_3)","decl":{"start":{"line":38,"column":11},"end":{"line":38,"column":12}},"loc":{"start":{"line":38,"column":17},"end":{"line":40,"column":5}},"line":38},"4":{"name":"(anonymous_4)","decl":{"start":{"line":43,"column":12},"end":{"line":43,"column":13}},"loc":{"start":{"line":43,"column":18},"end":{"line":54,"column":3}},"line":43},"5":{"name":"(anonymous_5)","decl":{"start":{"line":44,"column":21},"end":{"line":44,"column":22}},"loc":{"start":{"line":44,"column":26},"end":{"line":48,"column":5}},"line":44},"6":{"name":"(anonymous_6)","decl":{"start":{"line":51,"column":11},"end":{"line":51,"column":12}},"loc":{"start":{"line":51,"column":17},"end":{"line":53,"column":5}},"line":51},"7":{"name":"(anonymous_7)","decl":{"start":{"line":62,"column":26},"end":{"line":62,"column":27}},"loc":{"start":{"line":62,"column":38},"end":{"line":64,"column":9}},"line":62},"8":{"name":"(anonymous_8)","decl":{"start":{"line":66,"column":35},"end":{"line":66,"column":36}},"loc":{"start":{"line":67,"column":10},"end":{"line":82,"column":19}},"line":67},"9":{"name":"(anonymous_9)","decl":{"start":{"line":73,"column":23},"end":{"line":73,"column":24}},"loc":{"start":{"line":73,"column":28},"end":{"line":76,"column":15}},"line":73},"10":{"name":"(anonymous_10)","decl":{"start":{"line":88,"column":19},"end":{"line":88,"column":20}},"loc":{"start":{"line":88,"column":25},"end":{"line":90,"column":11}},"line":88}},"branchMap":{"0":{"loc":{"start":{"line":31,"column":20},"end":{"line":31,"column":49}},"type":"binary-expr","locations":[{"start":{"line":31,"column":20},"end":{"line":31,"column":28}},{"start":{"line":31,"column":32},"end":{"line":31,"column":49}}],"line":31},"1":{"loc":{"start":{"line":45,"column":6},"end":{"line":47,"column":7}},"type":"if","locations":[{"start":{"line":45,"column":6},"end":{"line":47,"column":7}},{"start":{"line":45,"column":6},"end":{"line":47,"column":7}}],"line":45},"2":{"loc":{"start":{"line":84,"column":9},"end":{"line":97,"column":9}},"type":"binary-expr","locations":[{"start":{"line":84,"column":9},"end":{"line":84,"column":21}},{"start":{"line":85,"column":8},"end":{"line":96,"column":16}}],"line":84}},"s":{"0":0,"1":0,"2":0,"3":0,"4":0,"5":0,"6":0,"7":0,"8":0,"9":0,"10":0,"11":0,"12":0,"13":0,"14":0,"15":0,"16":0,"17":0,"18":0,"19":0,"20":0,"21":0,"22":0,"23":0,"24":0,"25":0,"26":0,"27":0,"28":0},"f":{"0":0,"1":0,"2":0,"3":0,"4":0,"5":0,"6":0,"7":0,"8":0,"9":0,"10":0},"b":{"0":[0,0],"1":[0,0],"2":[0,0]},"hash":"fc942e27c58c035c0cf48c1bbf785bcbff5c10a3"}
}
